2025-11-05 10:40:47,768 - pyswarms.single.global_best - INFO - Optimize for 10000 iters with {'c1': 1.5, 'c2': 1.5, 'w': 0.7}
2025-11-05 11:09:50,160 - pyswarms.single.global_best - INFO - Optimization finished | best cost: 22.83892454348031, best pos: [ 6.84695872  9.12525374  6.43431792  7.31523488  8.17787407 10.23699373
  9.58957957  7.45356742  3.65090092  9.31656184 10.06483366  8.80831885
  7.68818213  3.92301155  8.87380828  7.5532388   5.61502415  5.68223271
  6.59450122  9.95360185  4.89619077 10.36290817  2.47317568  7.68554752
  7.30899536  6.67663975  7.08029634  7.09065395  5.52385343  9.56284066
  7.76946961  5.40999778 11.23432832 10.15191232  6.98095869  7.75005349
  5.50501703  4.55153307  9.98031918  7.23592974  8.19343182  4.89840128
  9.38901631  6.72473028  7.56731008  4.26333912  7.87697558  0.78608897
  6.62320396  7.46484755  4.49984148  6.47075138  5.78784816  6.78450228
  0.23351214  0.34336997  0.01535798  0.46376649  0.38862783  0.3342315
  0.08026768  0.23382065  0.32672197  0.33083267  0.30586956  0.35087837
  0.24274452  0.2549763   0.40405096  0.24210627  0.25693699  0.26377425
  0.31112239  0.26854469  0.44269007  0.1694973   0.19910521  0.43614306
  0.25620256  0.30538055  0.29135453]
2025-11-05 13:08:15,456 - pyswarms.single.global_best - INFO - Optimize for 10000 iters with {'c1': 1.5, 'c2': 1.5, 'w': 0.7}
2025-11-05 13:41:29,361 - pyswarms.single.global_best - INFO - Optimization finished | best cost: 23.83571834482082, best pos: [10.76033314  6.1684275   8.66177949  8.22887299  5.55658169  6.12758255
  6.55133812  8.95444956  4.83223505  6.35442017  7.33961913  6.52323305
  3.66611717  9.020142    5.50055502  9.37314291  7.24063422  8.37858315
  7.61416362  6.11018756  4.14305948  5.98150247  7.15930838  7.06698241
  9.78059976  8.85612889  7.13952928 10.46014672  9.36429777  7.64347338
  5.97366825  7.89036884  8.08098043 14.15102685  7.49818724 10.68161025
  6.17856709  6.58928029  7.96781032  8.82171508  4.09434714  2.65085158
  5.21346865  4.3947919   9.3918033   8.84917032 10.21482949  6.88657968
  6.45686438  6.43018207  6.97935889  6.09810339  6.78352629  7.16687707
  0.02118331  0.14372901  0.19910248  0.41309938  0.357227    0.34825159
  0.08342638  0.18678373  0.0594331   0.23726896  0.15709896  0.28942634
  0.49140932  0.33020721  0.32830357  0.24219439  0.3057194   0.26743176
  0.2513139   0.52300025  0.44362242  0.19779241  0.27704933  0.41067321
  0.38262188  0.2687931   0.31525632]
