2025-06-25 15:48:38.050 | INFO     | myoconverter.O2MPipeline:O2MPipeline:52 - Start the conversion pipeline for : leg6dof9musc
2025-06-25 15:48:38.053 | INFO     | myoconverter.O2MPipeline:coordinate_kwargs:75 - Coordinate the input configurations, remove conflicts.
2025-06-25 15:48:38.054 | INFO     | myoconverter.O2MPipeline:coordinate_kwargs:86 -    Checking configurations for step 2 conversion.
2025-06-25 15:48:38.056 | INFO     | myoconverter.O2MPipeline:coordinate_kwargs:103 -        All good now.
2025-06-25 15:48:38.058 | INFO     | myoconverter.O2MPipeline:coordinate_kwargs:119 -    Checking configurations for step 3 conversion.
2025-06-25 15:48:38.065 | INFO     | myoconverter.O2MPipeline:coordinate_kwargs:136 -        All good now.
2025-06-25 15:48:38.066 | INFO     | myoconverter.conversion_steps.O2MSteps:__init__:84 - Given OpenSim model file: /Users/masa/myo/opensim-models/Models/Leg6Dof9Musc/leg6dof9musc.osim
2025-06-25 15:48:38.067 | INFO     | myoconverter.conversion_steps.O2MSteps:__init__:85 - Reading mesh files from folder /Users/masa/myo/opensim-models/Geometry
2025-06-25 15:48:38.068 | INFO     | myoconverter.conversion_steps.O2MSteps:__init__:86 - Converted model will be saved in folder /Users/masa/myo/myo_sim/leg6dof9musc
2025-06-25 15:48:38.069 | INFO     | myoconverter.conversion_steps.O2MSteps:PipelineExecution:124 - Started step 1 conversion - cvt1.
2025-06-25 15:48:38.693 | INFO     | myoconverter.xml.converter:convert:40 - Commencing the conversion procedure!
2025-06-25 15:48:38.695 | INFO     | myoconverter.xml.converter:_parse_ground:138 - Parsing the ground
2025-06-25 15:48:38.696 | INFO     | myoconverter.xml.parsers:parse:59 - [BodyParser: Ground] ground
2025-06-25 15:48:38.697 | INFO     | myoconverter.xml.converter:_parse_constraints:147 - Starting to parse constraints
2025-06-25 15:48:38.698 | INFO     | myoconverter.xml.parsers:parse:59 - [ConstraintParser: CoordinateCouplerConstraint] pat_angle_r
2025-06-25 15:48:38.716 | INFO     | myoconverter.xml.converter:_parse_bodies_and_joints:80 - Starting to parse bodies, wrapping objects, and joints
2025-06-25 15:48:38.718 | INFO     | myoconverter.xml.parsers:parse:59 - [BodyParser: Body] pelvis
2025-06-25 15:48:38.768 | INFO     | myoconverter.xml.parsers:parse:59 - [JointParser: CustomJoint] ground_pelvis
2025-06-25 15:48:38.772 | INFO     | myoconverter.xml.parsers:parse:59 - [BodyParser: Body] femur_r
2025-06-25 15:48:38.791 | INFO     | myoconverter.xml.parsers:parse:59 - [JointParser: CustomJoint] hip_r
2025-06-25 15:48:38.796 | INFO     | myoconverter.xml.parsers:parse:59 - [BodyParser: Body] tibia_r
2025-06-25 15:48:38.827 | INFO     | myoconverter.xml.parsers:parse:59 - [JointParser: CustomJoint] knee_r
2025-06-25 15:48:39.075 | INFO     | myoconverter.xml.parsers:parse:59 - [BodyParser: Body] patella_r
2025-06-25 15:48:39.104 | INFO     | myoconverter.xml.parsers:parse:59 - [JointParser: CustomJoint] tib_pat_r
2025-06-25 15:48:39.403 | INFO     | myoconverter.xml.parsers:parse:59 - [BodyParser: Body] talus_r
2025-06-25 15:48:39.412 | INFO     | myoconverter.xml.parsers:parse:59 - [JointParser: CustomJoint] ankle_r
2025-06-25 15:48:39.416 | INFO     | myoconverter.xml.parsers:parse:59 - [BodyParser: Body] calcn_r
2025-06-25 15:48:39.447 | INFO     | myoconverter.xml.parsers:parse:59 - [JointParser: WeldJoint] subtalar_r
2025-06-25 15:48:39.451 | INFO     | myoconverter.xml.parsers:parse:59 - [BodyParser: Body] toes_r
2025-06-25 15:48:39.485 | INFO     | myoconverter.xml.parsers:parse:59 - [JointParser: WeldJoint] mtp_r
2025-06-25 15:48:39.489 | INFO     | myoconverter.xml.converter:_parse_forces:156 - Starting to parse forces, including path points and wrap paths
2025-06-25 15:48:39.490 | INFO     | myoconverter.xml.parsers:parse:59 - [ForceParser: Thelen2003Muscle] bifemlh_r
2025-06-25 15:48:39.491 | INFO     | myoconverter.xml.parsers:parse:59 - [PathPointParser: PathPoint] bifemlh_r-P1
2025-06-25 15:48:39.492 | INFO     | myoconverter.xml.parsers:parse:59 - [PathPointParser: PathPoint] bifemlh_r-P2
2025-06-25 15:48:39.493 | INFO     | myoconverter.xml.parsers:parse:59 - [PathPointParser: PathPoint] bifemlh_r-P3
2025-06-25 15:48:39.494 | INFO     | myoconverter.xml.parsers:parse:59 - [PathWrapSetParser: PathWrapSet] 
2025-06-25 15:48:39.494 | INFO     | myoconverter.xml.parsers:parse:59 - [ForceParser: Thelen2003Muscle] bifemsh_r
2025-06-25 15:48:39.495 | INFO     | myoconverter.xml.parsers:parse:59 - [PathPointParser: PathPoint] bifemsh_r-P1
2025-06-25 15:48:39.496 | INFO     | myoconverter.xml.parsers:parse:59 - [PathPointParser: PathPoint] bifemsh_r-P2
2025-06-25 15:48:39.497 | INFO     | myoconverter.xml.parsers:parse:59 - [PathPointParser: PathPoint] bifemsh_r-P3
2025-06-25 15:48:39.498 | INFO     | myoconverter.xml.parsers:parse:59 - [PathWrapSetParser: PathWrapSet] 
2025-06-25 15:48:39.498 | INFO     | myoconverter.xml.parsers:parse:59 - [ForceParser: Thelen2003Muscle] glut_max2_r
2025-06-25 15:48:39.499 | INFO     | myoconverter.xml.parsers:parse:59 - [PathPointParser: PathPoint] glut_max2_r-P1
2025-06-25 15:48:39.500 | INFO     | myoconverter.xml.parsers:parse:59 - [PathPointParser: PathPoint] glut_max2_r-P2
2025-06-25 15:48:39.501 | INFO     | myoconverter.xml.parsers:parse:59 - [PathPointParser: PathPoint] glut_max2_r-P3
2025-06-25 15:48:39.502 | INFO     | myoconverter.xml.parsers:parse:59 - [PathPointParser: PathPoint] glut_max2_r-P4
2025-06-25 15:48:39.503 | INFO     | myoconverter.xml.parsers:parse:59 - [PathWrapSetParser: PathWrapSet] 
2025-06-25 15:48:39.504 | INFO     | myoconverter.xml.parsers:parse:59 - [ForceParser: Thelen2003Muscle] psoas_r
2025-06-25 15:48:39.504 | INFO     | myoconverter.xml.parsers:parse:59 - [PathPointParser: PathPoint] psoas_r-P1
2025-06-25 15:48:39.505 | INFO     | myoconverter.xml.parsers:parse:59 - [PathPointParser: PathPoint] psoas_r-P2
2025-06-25 15:48:39.507 | INFO     | myoconverter.xml.parsers:parse:59 - [PathPointParser: ConditionalPathPoint] psoas_r-P3
2025-06-25 15:48:39.766 | INFO     | myoconverter.xml.parsers:parse:59 - [PathPointParser: PathPoint] psoas_r-P4
2025-06-25 15:48:39.770 | INFO     | myoconverter.xml.parsers:parse:59 - [PathPointParser: PathPoint] psoas_r-P5
2025-06-25 15:48:39.771 | INFO     | myoconverter.xml.parsers:parse:59 - [PathWrapSetParser: PathWrapSet] 
2025-06-25 15:48:39.772 | INFO     | myoconverter.xml.parsers:parse:59 - [ForceParser: Thelen2003Muscle] rect_fem_r
2025-06-25 15:48:39.773 | INFO     | myoconverter.xml.parsers:parse:59 - [PathPointParser: PathPoint] rect_fem_r-P1
2025-06-25 15:48:39.774 | INFO     | myoconverter.xml.parsers:parse:59 - [PathPointParser: ConditionalPathPoint] rect_fem_r-P2
2025-06-25 15:48:39.775 | WARNING  | myoconverter.xml.path_points.ConditionalPathPoint:parse:79 - Suitable 'anchor' PathPoint was not found for ConditionalPathPoint rect_fem_r-P2, treating this as a normal PathPoint.
2025-06-25 15:48:39.776 | INFO     | myoconverter.xml.parsers:parse:59 - [PathPointParser: MovingPathPoint] rect_fem_r-P3
2025-06-25 15:48:40.042 | INFO     | myoconverter.xml.parsers:parse:59 - [PathWrapSetParser: PathWrapSet] 
2025-06-25 15:48:40.046 | INFO     | myoconverter.xml.parsers:parse:59 - [ForceParser: Thelen2003Muscle] vas_int_r
2025-06-25 15:48:40.048 | INFO     | myoconverter.xml.parsers:parse:59 - [PathPointParser: PathPoint] vas_int_r-P1
2025-06-25 15:48:40.049 | INFO     | myoconverter.xml.parsers:parse:59 - [PathPointParser: PathPoint] vas_int_r-P2
2025-06-25 15:48:40.050 | INFO     | myoconverter.xml.parsers:parse:59 - [PathPointParser: ConditionalPathPoint] vas_int_r-P3
2025-06-25 15:48:40.294 | INFO     | myoconverter.xml.parsers:parse:59 - [PathPointParser: MovingPathPoint] vas_int_r-P4
2025-06-25 15:48:40.560 | INFO     | myoconverter.xml.parsers:parse:59 - [PathWrapSetParser: PathWrapSet] 
2025-06-25 15:48:40.564 | INFO     | myoconverter.xml.parsers:parse:59 - [ForceParser: Thelen2003Muscle] med_gas_r
2025-06-25 15:48:40.565 | INFO     | myoconverter.xml.parsers:parse:59 - [PathPointParser: PathPoint] med_gas_r-P1
2025-06-25 15:48:40.565 | INFO     | myoconverter.xml.parsers:parse:59 - [PathPointParser: ConditionalPathPoint] med_gas_r-P2
2025-06-25 15:48:40.819 | INFO     | myoconverter.xml.parsers:parse:59 - [PathPointParser: PathPoint] med_gas_r-P3
2025-06-25 15:48:40.823 | INFO     | myoconverter.xml.parsers:parse:59 - [PathWrapSetParser: PathWrapSet] 
2025-06-25 15:48:40.823 | INFO     | myoconverter.xml.parsers:parse:59 - [ForceParser: Thelen2003Muscle] soleus_r
2025-06-25 15:48:40.824 | INFO     | myoconverter.xml.parsers:parse:59 - [PathPointParser: PathPoint] soleus_r-P1
2025-06-25 15:48:40.825 | INFO     | myoconverter.xml.parsers:parse:59 - [PathPointParser: PathPoint] soleus_r-P2
2025-06-25 15:48:40.826 | INFO     | myoconverter.xml.parsers:parse:59 - [PathWrapSetParser: PathWrapSet] 
2025-06-25 15:48:40.827 | INFO     | myoconverter.xml.parsers:parse:59 - [ForceParser: Thelen2003Muscle] tib_ant_r
2025-06-25 15:48:40.828 | INFO     | myoconverter.xml.parsers:parse:59 - [PathPointParser: PathPoint] tib_ant_r-P1
2025-06-25 15:48:40.829 | INFO     | myoconverter.xml.parsers:parse:59 - [PathPointParser: PathPoint] tib_ant_r-P2
2025-06-25 15:48:40.830 | INFO     | myoconverter.xml.parsers:parse:59 - [PathPointParser: PathPoint] tib_ant_r-P3
2025-06-25 15:48:40.831 | INFO     | myoconverter.xml.parsers:parse:59 - [PathWrapSetParser: PathWrapSet] 
2025-06-25 15:48:40.832 | INFO     | myoconverter.xml.converter:_parse_markers:165 - Starting to parse markers
2025-06-25 15:48:40.834 | INFO     | myoconverter.xml.parsers:parse:59 - [MarkerParser: Marker] R.ASIS
2025-06-25 15:48:40.835 | INFO     | myoconverter.xml.parsers:parse:59 - [MarkerParser: Marker] L.ASIS
2025-06-25 15:48:40.836 | INFO     | myoconverter.xml.parsers:parse:59 - [MarkerParser: Marker] V.Sacral
2025-06-25 15:48:40.837 | INFO     | myoconverter.xml.parsers:parse:59 - [MarkerParser: Marker] R.Thigh.Upper
2025-06-25 15:48:40.837 | INFO     | myoconverter.xml.parsers:parse:59 - [MarkerParser: Marker] R.Thigh.Front
2025-06-25 15:48:40.838 | INFO     | myoconverter.xml.parsers:parse:59 - [MarkerParser: Marker] R.Thigh.Rear
2025-06-25 15:48:40.839 | INFO     | myoconverter.xml.parsers:parse:59 - [MarkerParser: Marker] R.Shank.Upper
2025-06-25 15:48:40.840 | INFO     | myoconverter.xml.parsers:parse:59 - [MarkerParser: Marker] R.Shank.Front
2025-06-25 15:48:40.840 | INFO     | myoconverter.xml.parsers:parse:59 - [MarkerParser: Marker] R.Shank.Rear
2025-06-25 15:48:40.841 | INFO     | myoconverter.xml.parsers:parse:59 - [MarkerParser: Marker] R.Heel
2025-06-25 15:48:40.842 | INFO     | myoconverter.xml.parsers:parse:59 - [MarkerParser: Marker] R.Midfoot.Lat
2025-06-25 15:48:40.843 | INFO     | myoconverter.xml.parsers:parse:59 - [MarkerParser: Marker] R.Toe.Tip
2025-06-25 15:48:40.843 | INFO     | myoconverter.xml.converter:_set_keyframe:176 - Setting the default keyframe
2025-06-25 15:48:40.845 | INFO     | myoconverter.xml.converter:convert:65 - Writing the converted model into /Users/masa/myo/myo_sim/leg6dof9musc\leg6dof9musc_cvt1.xml
2025-06-25 15:48:40.846 | INFO     | myoconverter.xml.converter:convert:68 - All good, conversion procedure is finished
2025-06-25 15:48:40.847 | INFO     | myoconverter.conversion_steps.O2MSteps:PipelineExecution:126 - Finished step 1 conversion - cvt1.
2025-06-25 15:48:40.848 | INFO     | myoconverter.conversion_steps.O2MSteps:PipelineExecution:132 - Started step 1 validation - val1.
2025-06-25 15:48:40.849 | INFO     | myoconverter.conversion_steps.O2MStep1:vlt1_forwardKinematicsValidation:123 - Extract marker names (as endpoints) from osim model
2025-06-25 15:48:40.860 | INFO     | myoconverter.conversion_steps.O2MStep1:vlt1_forwardKinematicsValidation:145 - Get the endpoint locations by meshing the joint angles within the range limits
2025-06-25 15:48:41.165 | INFO     | myoconverter.conversion_steps.O2MStep1:vlt1_forwardKinematicsValidation:152 - Check if the joint motion ranges are the same between Osim and Mjc models
2025-06-25 15:48:41.171 | INFO     | myoconverter.conversion_steps.O2MStep1:vlt1_forwardKinematicsValidation:172 - Finished with joint operation range check. Saved Results
2025-06-25 15:48:41.172 | INFO     | myoconverter.conversion_steps.O2MStep1:endPointsPlot:180 - Plot each endpoint's location errors in x, y, z.
2025-06-25 15:48:41.173 | INFO     | myoconverter.conversion_steps.O2MStep1:endPointsPlot:192 - Endpoint : R.ASIS
2025-06-25 15:48:41.291 | INFO     | myoconverter.conversion_steps.O2MStep1:endPointsPlot:192 - Endpoint : L.ASIS
2025-06-25 15:48:41.464 | INFO     | myoconverter.conversion_steps.O2MStep1:endPointsPlot:192 - Endpoint : V.Sacral
2025-06-25 15:48:41.578 | INFO     | myoconverter.conversion_steps.O2MStep1:endPointsPlot:192 - Endpoint : R.Thigh.Upper
2025-06-25 15:48:41.691 | INFO     | myoconverter.conversion_steps.O2MStep1:endPointsPlot:192 - Endpoint : R.Thigh.Front
2025-06-25 15:48:41.809 | INFO     | myoconverter.conversion_steps.O2MStep1:endPointsPlot:192 - Endpoint : R.Thigh.Rear
2025-06-25 15:48:41.928 | INFO     | myoconverter.conversion_steps.O2MStep1:endPointsPlot:192 - Endpoint : R.Shank.Upper
2025-06-25 15:48:42.045 | INFO     | myoconverter.conversion_steps.O2MStep1:endPointsPlot:192 - Endpoint : R.Shank.Front
2025-06-25 15:48:42.162 | INFO     | myoconverter.conversion_steps.O2MStep1:endPointsPlot:192 - Endpoint : R.Shank.Rear
2025-06-25 15:48:42.281 | INFO     | myoconverter.conversion_steps.O2MStep1:endPointsPlot:192 - Endpoint : R.Heel
2025-06-25 15:48:42.456 | INFO     | myoconverter.conversion_steps.O2MStep1:endPointsPlot:192 - Endpoint : R.Midfoot.Lat
2025-06-25 15:48:42.573 | INFO     | myoconverter.conversion_steps.O2MStep1:endPointsPlot:192 - Endpoint : R.Toe.Tip
2025-06-25 15:48:42.689 | INFO     | myoconverter.conversion_steps.O2MStep1:endPointsPlot:256 - Generate overall error Bar plot
2025-06-25 15:48:42.802 | INFO     | myoconverter.conversion_steps.O2MSteps:PipelineExecution:142 - Finished step 1 validation - val1.
2025-06-25 15:48:42.806 | INFO     | myoconverter.conversion_steps.O2MSteps:PipelineExecution:171 - xxx_cvt2 model already exist, process from it
2025-06-25 15:48:42.855 | INFO     | myoconverter.conversion_steps.O2MStep2:__init__:102 - Overwrite command confirmed
2025-06-25 15:48:42.857 | INFO     | myoconverter.conversion_steps.O2MStep2:__init__:103 - Generating MA data from OsimMuscleStates, may take a while
2025-06-25 15:48:42.858 | INFO     | myoconverter.optimization.model_states.OsimMuscleStates:getWrapingCoords:65 - Extract the joints that muscle wrapped over from Osim model
2025-06-25 15:48:43.172 | INFO     | myoconverter.optimization.model_states.OsimMuscleStates:getMomentArms:163 - Calculate moment arms from Osim model
2025-06-25 15:48:43.176 | INFO     | myoconverter.optimization.model_states.OsimMuscleStates:getMomentArms:168 - Muscle: bifemlh_r
2025-06-25 15:48:43.956 | INFO     | myoconverter.optimization.model_states.OsimMuscleStates:getMomentArms:168 - Muscle: bifemsh_r
2025-06-25 15:48:44.059 | INFO     | myoconverter.optimization.model_states.OsimMuscleStates:getMomentArms:168 - Muscle: glut_max2_r
2025-06-25 15:48:44.145 | INFO     | myoconverter.optimization.model_states.OsimMuscleStates:getMomentArms:168 - Muscle: psoas_r
2025-06-25 15:48:44.232 | INFO     | myoconverter.optimization.model_states.OsimMuscleStates:getMomentArms:168 - Muscle: rect_fem_r
2025-06-25 15:48:45.095 | INFO     | myoconverter.optimization.model_states.OsimMuscleStates:getMomentArms:168 - Muscle: vas_int_r
2025-06-25 15:48:45.166 | INFO     | myoconverter.optimization.model_states.OsimMuscleStates:getMomentArms:168 - Muscle: med_gas_r
2025-06-25 15:48:45.603 | INFO     | myoconverter.optimization.model_states.OsimMuscleStates:getMomentArms:168 - Muscle: soleus_r
2025-06-25 15:48:45.677 | INFO     | myoconverter.optimization.model_states.OsimMuscleStates:getMomentArms:168 - Muscle: tib_ant_r
2025-06-25 15:48:45.828 | INFO     | myoconverter.conversion_steps.O2MStep2:__init__:173 - Finished cvt2 initialize
2025-06-25 15:48:45.832 | INFO     | myoconverter.conversion_steps.O2MSteps:PipelineExecution:198 - Started step 2 conversion - cvt2.
2025-06-25 15:48:45.833 | INFO     | myoconverter.conversion_steps.O2MStep2:optMomentArms:191 - Running MA optimization with the given muscle list one by one
2025-06-25 15:48:45.834 | INFO     | myoconverter.conversion_steps.O2MStep2:optMomentArms:195 - Muscle : bifemlh_r 
2025-06-25 15:48:45.845 | INFO     | myoconverter.conversion_steps.O2MStep2:optMomentArms:208 -     At joints: hip_flexion_r
2025-06-25 15:48:45.874 | INFO     | myoconverter.conversion_steps.O2MStep2:optMomentArms:227 -     Start MA optimization
2025-06-25 15:48:45.878 | INFO     | myoconverter.conversion_steps.O2MStep2:optMomentArms:231 -     No wrapping information extracted, skipped
2025-06-25 15:48:45.880 | INFO     | myoconverter.conversion_steps.O2MStep2:optMomentArms:195 - Muscle : bifemsh_r 
2025-06-25 15:48:45.889 | INFO     | myoconverter.conversion_steps.O2MStep2:optMomentArms:208 -     At joints: knee_angle_r
2025-06-25 15:48:45.896 | INFO     | myoconverter.conversion_steps.O2MStep2:optMomentArms:227 -     Start MA optimization
2025-06-25 15:48:45.898 | INFO     | myoconverter.conversion_steps.O2MStep2:optMomentArms:231 -     No wrapping information extracted, skipped
2025-06-25 15:48:45.900 | INFO     | myoconverter.conversion_steps.O2MStep2:optMomentArms:195 - Muscle : glut_max2_r 
2025-06-25 15:48:45.910 | INFO     | myoconverter.conversion_steps.O2MStep2:optMomentArms:208 -     At joints: hip_flexion_r
2025-06-25 15:48:45.917 | INFO     | myoconverter.conversion_steps.O2MStep2:optMomentArms:220 -     MA errors between Osim and Mjc models are smaller than throshold, optimization skipped
2025-06-25 15:48:45.918 | INFO     | myoconverter.conversion_steps.O2MStep2:optMomentArms:195 - Muscle : psoas_r 
2025-06-25 15:48:45.926 | INFO     | myoconverter.conversion_steps.O2MStep2:optMomentArms:208 -     At joints: hip_flexion_r
2025-06-25 15:48:45.932 | INFO     | myoconverter.conversion_steps.O2MStep2:optMomentArms:227 -     Start MA optimization
2025-06-25 15:48:45.933 | INFO     | myoconverter.conversion_steps.O2MStep2:optMomentArms:231 -     No wrapping information extracted, skipped
2025-06-25 15:48:45.935 | INFO     | myoconverter.conversion_steps.O2MStep2:optMomentArms:195 - Muscle : rect_fem_r 
2025-06-25 15:48:45.943 | INFO     | myoconverter.conversion_steps.O2MStep2:optMomentArms:208 -     At joints: hip_flexion_r
2025-06-25 15:48:45.973 | INFO     | myoconverter.conversion_steps.O2MStep2:optMomentArms:227 -     Start MA optimization
2025-06-25 15:48:45.977 | INFO     | myoconverter.conversion_steps.O2MStep2:optMomentArms:231 -     No wrapping information extracted, skipped
2025-06-25 15:48:45.979 | INFO     | myoconverter.conversion_steps.O2MStep2:optMomentArms:195 - Muscle : vas_int_r 
2025-06-25 15:48:45.990 | INFO     | myoconverter.conversion_steps.O2MStep2:optMomentArms:208 -     At joints: knee_angle_r
2025-06-25 15:48:45.998 | INFO     | myoconverter.conversion_steps.O2MStep2:optMomentArms:227 -     Start MA optimization
2025-06-25 15:48:45.999 | INFO     | myoconverter.conversion_steps.O2MStep2:optMomentArms:231 -     No wrapping information extracted, skipped
2025-06-25 15:48:46.001 | INFO     | myoconverter.conversion_steps.O2MStep2:optMomentArms:195 - Muscle : med_gas_r 
2025-06-25 15:48:46.010 | INFO     | myoconverter.conversion_steps.O2MStep2:optMomentArms:208 -     At joints: ankle_angle_r
2025-06-25 15:48:46.040 | INFO     | myoconverter.conversion_steps.O2MStep2:optMomentArms:227 -     Start MA optimization
2025-06-25 15:48:46.042 | INFO     | myoconverter.conversion_steps.O2MStep2:optMomentArms:231 -     No wrapping information extracted, skipped
2025-06-25 15:48:46.044 | INFO     | myoconverter.conversion_steps.O2MStep2:optMomentArms:195 - Muscle : soleus_r 
2025-06-25 15:48:46.057 | INFO     | myoconverter.conversion_steps.O2MStep2:optMomentArms:208 -     At joints: ankle_angle_r
2025-06-25 15:48:46.063 | INFO     | myoconverter.conversion_steps.O2MStep2:optMomentArms:220 -     MA errors between Osim and Mjc models are smaller than throshold, optimization skipped
2025-06-25 15:48:46.065 | INFO     | myoconverter.conversion_steps.O2MStep2:optMomentArms:195 - Muscle : tib_ant_r 
2025-06-25 15:48:46.074 | INFO     | myoconverter.conversion_steps.O2MStep2:optMomentArms:208 -     At joints: ankle_angle_r
2025-06-25 15:48:46.079 | INFO     | myoconverter.conversion_steps.O2MStep2:optMomentArms:220 -     MA errors between Osim and Mjc models are smaller than throshold, optimization skipped
2025-06-25 15:48:46.083 | INFO     | myoconverter.conversion_steps.O2MSteps:PipelineExecution:200 - Finished step 2 conversion - cvt2.
2025-06-25 15:48:46.085 | INFO     | myoconverter.conversion_steps.O2MSteps:PipelineExecution:206 - Started step 2 validation - val2.
2025-06-25 15:48:47.916 | INFO     | myoconverter.conversion_steps.O2MSteps:PipelineExecution:208 - Finished step 2 validation - val2.
2025-06-25 15:48:47.920 | INFO     | myoconverter.conversion_steps.O2MSteps:PipelineExecution:233 - xxx_cvt3 model already exist, process from it
2025-06-25 15:48:47.971 | INFO     | myoconverter.conversion_steps.O2MStep3:__init__:96 - Overwrite command confirmed
2025-06-25 15:48:47.973 | INFO     | myoconverter.conversion_steps.O2MStep3:__init__:97 - Generating force map data from OsimMuscleStates, may take a while
2025-06-25 15:48:47.973 | INFO     | myoconverter.optimization.model_states.OsimMuscleStates:getWrapingCoords:65 - Extract the joints that muscle wrapped over from Osim model
2025-06-25 15:48:48.297 | INFO     | myoconverter.optimization.model_states.OsimMuscleStates:getMuscleForceMaps:267 - Calculate muscle force curves from Osim model
2025-06-25 15:48:48.300 | INFO     | myoconverter.optimization.model_states.OsimMuscleStates:getMuscleForceMaps:272 - Muscle: bifemlh_r
2025-06-25 15:48:49.206 | INFO     | myoconverter.optimization.model_states.OsimMuscleStates:getMuscleForceMaps:272 - Muscle: bifemsh_r
2025-06-25 15:48:49.322 | INFO     | myoconverter.optimization.model_states.OsimMuscleStates:getMuscleForceMaps:272 - Muscle: glut_max2_r
2025-06-25 15:48:49.445 | INFO     | myoconverter.optimization.model_states.OsimMuscleStates:getMuscleForceMaps:272 - Muscle: psoas_r
2025-06-25 15:48:49.604 | INFO     | myoconverter.optimization.model_states.OsimMuscleStates:getMuscleForceMaps:272 - Muscle: rect_fem_r
2025-06-25 15:48:50.555 | INFO     | myoconverter.optimization.model_states.OsimMuscleStates:getMuscleForceMaps:272 - Muscle: vas_int_r
2025-06-25 15:48:50.672 | INFO     | myoconverter.optimization.model_states.OsimMuscleStates:getMuscleForceMaps:272 - Muscle: med_gas_r
2025-06-25 15:48:51.221 | INFO     | myoconverter.optimization.model_states.OsimMuscleStates:getMuscleForceMaps:272 - Muscle: soleus_r
2025-06-25 15:48:51.343 | INFO     | myoconverter.optimization.model_states.OsimMuscleStates:getMuscleForceMaps:272 - Muscle: tib_ant_r
2025-06-25 15:48:51.553 | INFO     | myoconverter.conversion_steps.O2MStep3:__init__:195 - Finished cvt3 initialize ...
2025-06-25 15:48:51.556 | INFO     | myoconverter.conversion_steps.O2MSteps:PipelineExecution:260 - Started step 3 conversion - cvt3.
2025-06-25 15:48:51.558 | INFO     | myoconverter.conversion_steps.O2MStep3:optMuscleForce:208 - Running MF optimization with the given muscle list one by one
2025-06-25 15:48:51.573 | INFO     | myoconverter.conversion_steps.O2MStep3:optMuscleForce:273 - Muscle : bifemlh_r 
2025-06-25 15:49:08.294 | INFO     | myoconverter.optimization.utils.UtilsForceOpt:fmOptPSO_cust:189 -         PSO iteration: 0 ; 0 percentage similarities; Best obj: 0.10434
2025-06-25 15:49:08.394 | INFO     | myoconverter.optimization.utils.UtilsForceOpt:fmOptPSO_cust:189 -         PSO iteration: 1 ; 1 percentage similarities; Best obj: 0.08046
2025-06-25 15:49:08.490 | INFO     | myoconverter.optimization.utils.UtilsForceOpt:fmOptPSO_cust:189 -         PSO iteration: 2 ; 2 percentage similarities; Best obj: 0.07819
2025-06-25 15:49:08.592 | INFO     | myoconverter.optimization.utils.UtilsForceOpt:fmOptPSO_cust:189 -         PSO iteration: 3 ; 1 percentage similarities; Best obj: 0.07819
2025-06-25 15:49:08.695 | INFO     | myoconverter.optimization.utils.UtilsForceOpt:fmOptPSO_cust:189 -         PSO iteration: 4 ; 1 percentage similarities; Best obj: 0.07819
2025-06-25 15:49:08.795 | INFO     | myoconverter.optimization.utils.UtilsForceOpt:fmOptPSO_cust:189 -         PSO iteration: 5 ; 1 percentage similarities; Best obj: 0.07819
2025-06-25 15:49:08.900 | INFO     | myoconverter.optimization.utils.UtilsForceOpt:fmOptPSO_cust:189 -         PSO iteration: 6 ; 1 percentage similarities; Best obj: 0.07819
2025-06-25 15:49:09.007 | INFO     | myoconverter.optimization.utils.UtilsForceOpt:fmOptPSO_cust:189 -         PSO iteration: 7 ; 1 percentage similarities; Best obj: 0.07819
2025-06-25 15:49:09.111 | INFO     | myoconverter.optimization.utils.UtilsForceOpt:fmOptPSO_cust:189 -         PSO iteration: 8 ; 1 percentage similarities; Best obj: 0.07819
2025-06-25 15:49:09.209 | INFO     | myoconverter.optimization.utils.UtilsForceOpt:fmOptPSO_cust:189 -         PSO iteration: 9 ; 4 percentage similarities; Best obj: 0.07548
2025-06-25 15:49:09.315 | INFO     | myoconverter.optimization.utils.UtilsForceOpt:fmOptPSO_cust:189 -         PSO iteration: 10 ; 2 percentage similarities; Best obj: 0.07396
2025-06-25 15:49:09.421 | INFO     | myoconverter.optimization.utils.UtilsForceOpt:fmOptPSO_cust:189 -         PSO iteration: 11 ; 2 percentage similarities; Best obj: 0.0737
2025-06-25 15:49:09.521 | INFO     | myoconverter.optimization.utils.UtilsForceOpt:fmOptPSO_cust:189 -         PSO iteration: 12 ; 2 percentage similarities; Best obj: 0.07322
2025-06-25 15:49:09.622 | INFO     | myoconverter.optimization.utils.UtilsForceOpt:fmOptPSO_cust:189 -         PSO iteration: 13 ; 2 percentage similarities; Best obj: 0.07311
2025-06-25 15:49:09.724 | INFO     | myoconverter.optimization.utils.UtilsForceOpt:fmOptPSO_cust:189 -         PSO iteration: 14 ; 5 percentage similarities; Best obj: 0.07201
2025-06-25 15:49:09.827 | INFO     | myoconverter.optimization.utils.UtilsForceOpt:fmOptPSO_cust:189 -         PSO iteration: 15 ; 2 percentage similarities; Best obj: 0.07179
2025-06-25 15:49:09.931 | INFO     | myoconverter.optimization.utils.UtilsForceOpt:fmOptPSO_cust:189 -         PSO iteration: 16 ; 2 percentage similarities; Best obj: 0.07175
2025-06-25 15:49:10.034 | INFO     | myoconverter.optimization.utils.UtilsForceOpt:fmOptPSO_cust:189 -         PSO iteration: 17 ; 8 percentage similarities; Best obj: 0.07163
2025-06-25 15:49:10.136 | INFO     | myoconverter.optimization.utils.UtilsForceOpt:fmOptPSO_cust:189 -         PSO iteration: 18 ; 16 percentage similarities; Best obj: 0.07154
2025-06-25 15:49:10.239 | INFO     | myoconverter.optimization.utils.UtilsForceOpt:fmOptPSO_cust:189 -         PSO iteration: 19 ; 39 percentage similarities; Best obj: 0.07148
2025-06-25 15:49:10.240 | INFO     | myoconverter.optimization.utils.UtilsForceOpt:fmOptPSO_cust:197 -         Break the optimization, since certain number of similar particles reached
2025-06-25 15:49:10.304 | INFO     | myoconverter.conversion_steps.O2MStep3:optMuscleForce:273 - Muscle : bifemsh_r 
2025-06-25 15:49:27.004 | INFO     | myoconverter.optimization.utils.UtilsForceOpt:fmOptPSO_cust:189 -         PSO iteration: 0 ; 0 percentage similarities; Best obj: 0.05581
2025-06-25 15:49:27.089 | INFO     | myoconverter.optimization.utils.UtilsForceOpt:fmOptPSO_cust:189 -         PSO iteration: 1 ; 1 percentage similarities; Best obj: 0.04909
2025-06-25 15:49:27.177 | INFO     | myoconverter.optimization.utils.UtilsForceOpt:fmOptPSO_cust:189 -         PSO iteration: 2 ; 1 percentage similarities; Best obj: 0.04909
2025-06-25 15:49:27.267 | INFO     | myoconverter.optimization.utils.UtilsForceOpt:fmOptPSO_cust:189 -         PSO iteration: 3 ; 1 percentage similarities; Best obj: 0.04909
2025-06-25 15:49:27.354 | INFO     | myoconverter.optimization.utils.UtilsForceOpt:fmOptPSO_cust:189 -         PSO iteration: 4 ; 1 percentage similarities; Best obj: 0.04458
2025-06-25 15:49:27.440 | INFO     | myoconverter.optimization.utils.UtilsForceOpt:fmOptPSO_cust:189 -         PSO iteration: 5 ; 1 percentage similarities; Best obj: 0.04197
2025-06-25 15:49:27.526 | INFO     | myoconverter.optimization.utils.UtilsForceOpt:fmOptPSO_cust:189 -         PSO iteration: 6 ; 1 percentage similarities; Best obj: 0.03137
2025-06-25 15:49:27.617 | INFO     | myoconverter.optimization.utils.UtilsForceOpt:fmOptPSO_cust:189 -         PSO iteration: 7 ; 1 percentage similarities; Best obj: 0.02662
2025-06-25 15:49:27.705 | INFO     | myoconverter.optimization.utils.UtilsForceOpt:fmOptPSO_cust:189 -         PSO iteration: 8 ; 1 percentage similarities; Best obj: 0.02592
2025-06-25 15:49:27.791 | INFO     | myoconverter.optimization.utils.UtilsForceOpt:fmOptPSO_cust:189 -         PSO iteration: 9 ; 1 percentage similarities; Best obj: 0.02578
2025-06-25 15:49:27.879 | INFO     | myoconverter.optimization.utils.UtilsForceOpt:fmOptPSO_cust:189 -         PSO iteration: 10 ; 1 percentage similarities; Best obj: 0.02055
2025-06-25 15:49:27.965 | INFO     | myoconverter.optimization.utils.UtilsForceOpt:fmOptPSO_cust:189 -         PSO iteration: 11 ; 1 percentage similarities; Best obj: 0.01951
2025-06-25 15:49:28.063 | INFO     | myoconverter.optimization.utils.UtilsForceOpt:fmOptPSO_cust:189 -         PSO iteration: 12 ; 1 percentage similarities; Best obj: 0.01928
2025-06-25 15:49:28.157 | INFO     | myoconverter.optimization.utils.UtilsForceOpt:fmOptPSO_cust:189 -         PSO iteration: 13 ; 1 percentage similarities; Best obj: 0.01922
2025-06-25 15:49:28.248 | INFO     | myoconverter.optimization.utils.UtilsForceOpt:fmOptPSO_cust:189 -         PSO iteration: 14 ; 1 percentage similarities; Best obj: 0.01921
2025-06-25 15:49:28.338 | INFO     | myoconverter.optimization.utils.UtilsForceOpt:fmOptPSO_cust:189 -         PSO iteration: 15 ; 1 percentage similarities; Best obj: 0.01857
2025-06-25 15:49:28.426 | INFO     | myoconverter.optimization.utils.UtilsForceOpt:fmOptPSO_cust:189 -         PSO iteration: 16 ; 1 percentage similarities; Best obj: 0.01838
2025-06-25 15:49:28.516 | INFO     | myoconverter.optimization.utils.UtilsForceOpt:fmOptPSO_cust:189 -         PSO iteration: 17 ; 1 percentage similarities; Best obj: 0.01797
2025-06-25 15:49:28.611 | INFO     | myoconverter.optimization.utils.UtilsForceOpt:fmOptPSO_cust:189 -         PSO iteration: 18 ; 2 percentage similarities; Best obj: 0.01773
2025-06-25 15:49:28.699 | INFO     | myoconverter.optimization.utils.UtilsForceOpt:fmOptPSO_cust:189 -         PSO iteration: 19 ; 2 percentage similarities; Best obj: 0.01767
2025-06-25 15:49:28.792 | INFO     | myoconverter.optimization.utils.UtilsForceOpt:fmOptPSO_cust:189 -         PSO iteration: 20 ; 2 percentage similarities; Best obj: 0.01764
2025-06-25 15:49:28.880 | INFO     | myoconverter.optimization.utils.UtilsForceOpt:fmOptPSO_cust:189 -         PSO iteration: 21 ; 4 percentage similarities; Best obj: 0.01752
2025-06-25 15:49:28.967 | INFO     | myoconverter.optimization.utils.UtilsForceOpt:fmOptPSO_cust:189 -         PSO iteration: 22 ; 2 percentage similarities; Best obj: 0.01749
2025-06-25 15:49:29.059 | INFO     | myoconverter.optimization.utils.UtilsForceOpt:fmOptPSO_cust:189 -         PSO iteration: 23 ; 9 percentage similarities; Best obj: 0.01749
2025-06-25 15:49:29.148 | INFO     | myoconverter.optimization.utils.UtilsForceOpt:fmOptPSO_cust:189 -         PSO iteration: 24 ; 11 percentage similarities; Best obj: 0.01748
2025-06-25 15:49:29.239 | INFO     | myoconverter.optimization.utils.UtilsForceOpt:fmOptPSO_cust:189 -         PSO iteration: 25 ; 14 percentage similarities; Best obj: 0.01747
2025-06-25 15:49:29.329 | INFO     | myoconverter.optimization.utils.UtilsForceOpt:fmOptPSO_cust:189 -         PSO iteration: 26 ; 15 percentage similarities; Best obj: 0.01747
2025-06-25 15:49:29.418 | INFO     | myoconverter.optimization.utils.UtilsForceOpt:fmOptPSO_cust:189 -         PSO iteration: 27 ; 16 percentage similarities; Best obj: 0.01747
2025-06-25 15:49:29.515 | INFO     | myoconverter.optimization.utils.UtilsForceOpt:fmOptPSO_cust:189 -         PSO iteration: 28 ; 16 percentage similarities; Best obj: 0.01743
2025-06-25 15:49:29.609 | INFO     | myoconverter.optimization.utils.UtilsForceOpt:fmOptPSO_cust:189 -         PSO iteration: 29 ; 18 percentage similarities; Best obj: 0.01742
2025-06-25 15:49:29.699 | INFO     | myoconverter.optimization.utils.UtilsForceOpt:fmOptPSO_cust:189 -         PSO iteration: 30 ; 21 percentage similarities; Best obj: 0.01742
2025-06-25 15:49:29.789 | INFO     | myoconverter.optimization.utils.UtilsForceOpt:fmOptPSO_cust:189 -         PSO iteration: 31 ; 26 percentage similarities; Best obj: 0.01742
2025-06-25 15:49:29.881 | INFO     | myoconverter.optimization.utils.UtilsForceOpt:fmOptPSO_cust:189 -         PSO iteration: 32 ; 26 percentage similarities; Best obj: 0.0174
2025-06-25 15:49:29.970 | INFO     | myoconverter.optimization.utils.UtilsForceOpt:fmOptPSO_cust:189 -         PSO iteration: 33 ; 41 percentage similarities; Best obj: 0.01738
2025-06-25 15:49:29.971 | INFO     | myoconverter.optimization.utils.UtilsForceOpt:fmOptPSO_cust:197 -         Break the optimization, since certain number of similar particles reached
2025-06-25 15:49:30.037 | INFO     | myoconverter.conversion_steps.O2MStep3:optMuscleForce:273 - Muscle : glut_max2_r 
2025-06-25 15:49:46.577 | INFO     | myoconverter.optimization.utils.UtilsForceOpt:fmOptPSO_cust:189 -         PSO iteration: 0 ; 0 percentage similarities; Best obj: 0.09276
2025-06-25 15:49:46.649 | INFO     | myoconverter.optimization.utils.UtilsForceOpt:fmOptPSO_cust:189 -         PSO iteration: 1 ; 1 percentage similarities; Best obj: 0.09276
2025-06-25 15:49:46.721 | INFO     | myoconverter.optimization.utils.UtilsForceOpt:fmOptPSO_cust:189 -         PSO iteration: 2 ; 1 percentage similarities; Best obj: 0.07002
2025-06-25 15:49:46.793 | INFO     | myoconverter.optimization.utils.UtilsForceOpt:fmOptPSO_cust:189 -         PSO iteration: 3 ; 1 percentage similarities; Best obj: 0.06029
2025-06-25 15:49:46.867 | INFO     | myoconverter.optimization.utils.UtilsForceOpt:fmOptPSO_cust:189 -         PSO iteration: 4 ; 1 percentage similarities; Best obj: 0.05804
2025-06-25 15:49:46.941 | INFO     | myoconverter.optimization.utils.UtilsForceOpt:fmOptPSO_cust:189 -         PSO iteration: 5 ; 1 percentage similarities; Best obj: 0.05749
2025-06-25 15:49:47.016 | INFO     | myoconverter.optimization.utils.UtilsForceOpt:fmOptPSO_cust:189 -         PSO iteration: 6 ; 1 percentage similarities; Best obj: 0.05735
2025-06-25 15:49:47.089 | INFO     | myoconverter.optimization.utils.UtilsForceOpt:fmOptPSO_cust:189 -         PSO iteration: 7 ; 1 percentage similarities; Best obj: 0.05732
2025-06-25 15:49:47.160 | INFO     | myoconverter.optimization.utils.UtilsForceOpt:fmOptPSO_cust:189 -         PSO iteration: 8 ; 1 percentage similarities; Best obj: 0.05731
2025-06-25 15:49:47.232 | INFO     | myoconverter.optimization.utils.UtilsForceOpt:fmOptPSO_cust:189 -         PSO iteration: 9 ; 1 percentage similarities; Best obj: 0.05479
2025-06-25 15:49:47.336 | INFO     | myoconverter.optimization.utils.UtilsForceOpt:fmOptPSO_cust:189 -         PSO iteration: 10 ; 1 percentage similarities; Best obj: 0.05402
2025-06-25 15:49:47.410 | INFO     | myoconverter.optimization.utils.UtilsForceOpt:fmOptPSO_cust:189 -         PSO iteration: 11 ; 1 percentage similarities; Best obj: 0.05385
2025-06-25 15:49:47.482 | INFO     | myoconverter.optimization.utils.UtilsForceOpt:fmOptPSO_cust:189 -         PSO iteration: 12 ; 2 percentage similarities; Best obj: 0.05339
2025-06-25 15:49:47.556 | INFO     | myoconverter.optimization.utils.UtilsForceOpt:fmOptPSO_cust:189 -         PSO iteration: 13 ; 2 percentage similarities; Best obj: 0.05051
2025-06-25 15:49:47.635 | INFO     | myoconverter.optimization.utils.UtilsForceOpt:fmOptPSO_cust:189 -         PSO iteration: 14 ; 1 percentage similarities; Best obj: 0.04935
2025-06-25 15:49:47.710 | INFO     | myoconverter.optimization.utils.UtilsForceOpt:fmOptPSO_cust:189 -         PSO iteration: 15 ; 2 percentage similarities; Best obj: 0.04459
2025-06-25 15:49:47.787 | INFO     | myoconverter.optimization.utils.UtilsForceOpt:fmOptPSO_cust:189 -         PSO iteration: 16 ; 1 percentage similarities; Best obj: 0.04379
2025-06-25 15:49:47.860 | INFO     | myoconverter.optimization.utils.UtilsForceOpt:fmOptPSO_cust:189 -         PSO iteration: 17 ; 1 percentage similarities; Best obj: 0.04362
2025-06-25 15:49:47.937 | INFO     | myoconverter.optimization.utils.UtilsForceOpt:fmOptPSO_cust:189 -         PSO iteration: 18 ; 1 percentage similarities; Best obj: 0.04358
2025-06-25 15:49:48.011 | INFO     | myoconverter.optimization.utils.UtilsForceOpt:fmOptPSO_cust:189 -         PSO iteration: 19 ; 1 percentage similarities; Best obj: 0.04357
2025-06-25 15:49:48.087 | INFO     | myoconverter.optimization.utils.UtilsForceOpt:fmOptPSO_cust:189 -         PSO iteration: 20 ; 1 percentage similarities; Best obj: 0.04315
2025-06-25 15:49:48.168 | INFO     | myoconverter.optimization.utils.UtilsForceOpt:fmOptPSO_cust:189 -         PSO iteration: 21 ; 2 percentage similarities; Best obj: 0.04299
2025-06-25 15:49:48.258 | INFO     | myoconverter.optimization.utils.UtilsForceOpt:fmOptPSO_cust:189 -         PSO iteration: 22 ; 5 percentage similarities; Best obj: 0.04273
2025-06-25 15:49:48.352 | INFO     | myoconverter.optimization.utils.UtilsForceOpt:fmOptPSO_cust:189 -         PSO iteration: 23 ; 5 percentage similarities; Best obj: 0.04256
2025-06-25 15:49:48.449 | INFO     | myoconverter.optimization.utils.UtilsForceOpt:fmOptPSO_cust:189 -         PSO iteration: 24 ; 8 percentage similarities; Best obj: 0.0425
2025-06-25 15:49:48.554 | INFO     | myoconverter.optimization.utils.UtilsForceOpt:fmOptPSO_cust:189 -         PSO iteration: 25 ; 16 percentage similarities; Best obj: 0.04244
2025-06-25 15:49:48.659 | INFO     | myoconverter.optimization.utils.UtilsForceOpt:fmOptPSO_cust:189 -         PSO iteration: 26 ; 24 percentage similarities; Best obj: 0.04243
2025-06-25 15:49:48.765 | INFO     | myoconverter.optimization.utils.UtilsForceOpt:fmOptPSO_cust:189 -         PSO iteration: 27 ; 36 percentage similarities; Best obj: 0.0424
2025-06-25 15:49:48.768 | INFO     | myoconverter.optimization.utils.UtilsForceOpt:fmOptPSO_cust:197 -         Break the optimization, since certain number of similar particles reached
2025-06-25 15:49:48.873 | INFO     | myoconverter.conversion_steps.O2MStep3:optMuscleForce:273 - Muscle : psoas_r 
2025-06-25 15:50:05.710 | INFO     | myoconverter.optimization.utils.UtilsForceOpt:fmOptPSO_cust:189 -         PSO iteration: 0 ; 0 percentage similarities; Best obj: 0.11113
2025-06-25 15:50:05.783 | INFO     | myoconverter.optimization.utils.UtilsForceOpt:fmOptPSO_cust:189 -         PSO iteration: 1 ; 1 percentage similarities; Best obj: 0.11113
2025-06-25 15:50:05.853 | INFO     | myoconverter.optimization.utils.UtilsForceOpt:fmOptPSO_cust:189 -         PSO iteration: 2 ; 1 percentage similarities; Best obj: 0.11113
2025-06-25 15:50:05.924 | INFO     | myoconverter.optimization.utils.UtilsForceOpt:fmOptPSO_cust:189 -         PSO iteration: 3 ; 1 percentage similarities; Best obj: 0.11113
2025-06-25 15:50:05.996 | INFO     | myoconverter.optimization.utils.UtilsForceOpt:fmOptPSO_cust:189 -         PSO iteration: 4 ; 1 percentage similarities; Best obj: 0.11113
2025-06-25 15:50:06.068 | INFO     | myoconverter.optimization.utils.UtilsForceOpt:fmOptPSO_cust:189 -         PSO iteration: 5 ; 2 percentage similarities; Best obj: 0.08004
2025-06-25 15:50:06.142 | INFO     | myoconverter.optimization.utils.UtilsForceOpt:fmOptPSO_cust:189 -         PSO iteration: 6 ; 1 percentage similarities; Best obj: 0.07373
2025-06-25 15:50:06.216 | INFO     | myoconverter.optimization.utils.UtilsForceOpt:fmOptPSO_cust:189 -         PSO iteration: 7 ; 1 percentage similarities; Best obj: 0.07227
2025-06-25 15:50:06.287 | INFO     | myoconverter.optimization.utils.UtilsForceOpt:fmOptPSO_cust:189 -         PSO iteration: 8 ; 1 percentage similarities; Best obj: 0.07192
2025-06-25 15:50:06.358 | INFO     | myoconverter.optimization.utils.UtilsForceOpt:fmOptPSO_cust:189 -         PSO iteration: 9 ; 1 percentage similarities; Best obj: 0.06537
2025-06-25 15:50:06.430 | INFO     | myoconverter.optimization.utils.UtilsForceOpt:fmOptPSO_cust:189 -         PSO iteration: 10 ; 1 percentage similarities; Best obj: 0.05342
2025-06-25 15:50:06.502 | INFO     | myoconverter.optimization.utils.UtilsForceOpt:fmOptPSO_cust:189 -         PSO iteration: 11 ; 1 percentage similarities; Best obj: 0.05066
2025-06-25 15:50:06.578 | INFO     | myoconverter.optimization.utils.UtilsForceOpt:fmOptPSO_cust:189 -         PSO iteration: 12 ; 1 percentage similarities; Best obj: 0.05005
2025-06-25 15:50:06.651 | INFO     | myoconverter.optimization.utils.UtilsForceOpt:fmOptPSO_cust:189 -         PSO iteration: 13 ; 1 percentage similarities; Best obj: 0.0499
2025-06-25 15:50:06.726 | INFO     | myoconverter.optimization.utils.UtilsForceOpt:fmOptPSO_cust:189 -         PSO iteration: 14 ; 1 percentage similarities; Best obj: 0.04478
2025-06-25 15:50:06.798 | INFO     | myoconverter.optimization.utils.UtilsForceOpt:fmOptPSO_cust:189 -         PSO iteration: 15 ; 1 percentage similarities; Best obj: 0.04146
2025-06-25 15:50:06.869 | INFO     | myoconverter.optimization.utils.UtilsForceOpt:fmOptPSO_cust:189 -         PSO iteration: 16 ; 1 percentage similarities; Best obj: 0.03868
2025-06-25 15:50:06.942 | INFO     | myoconverter.optimization.utils.UtilsForceOpt:fmOptPSO_cust:189 -         PSO iteration: 17 ; 1 percentage similarities; Best obj: 0.0378
2025-06-25 15:50:07.024 | INFO     | myoconverter.optimization.utils.UtilsForceOpt:fmOptPSO_cust:189 -         PSO iteration: 18 ; 1 percentage similarities; Best obj: 0.03759
2025-06-25 15:50:07.112 | INFO     | myoconverter.optimization.utils.UtilsForceOpt:fmOptPSO_cust:189 -         PSO iteration: 19 ; 1 percentage similarities; Best obj: 0.03754
2025-06-25 15:50:07.205 | INFO     | myoconverter.optimization.utils.UtilsForceOpt:fmOptPSO_cust:189 -         PSO iteration: 20 ; 2 percentage similarities; Best obj: 0.03541
2025-06-25 15:50:07.324 | INFO     | myoconverter.optimization.utils.UtilsForceOpt:fmOptPSO_cust:189 -         PSO iteration: 21 ; 1 percentage similarities; Best obj: 0.03501
2025-06-25 15:50:07.428 | INFO     | myoconverter.optimization.utils.UtilsForceOpt:fmOptPSO_cust:189 -         PSO iteration: 22 ; 1 percentage similarities; Best obj: 0.03492
2025-06-25 15:50:07.525 | INFO     | myoconverter.optimization.utils.UtilsForceOpt:fmOptPSO_cust:189 -         PSO iteration: 23 ; 1 percentage similarities; Best obj: 0.0349
2025-06-25 15:50:07.619 | INFO     | myoconverter.optimization.utils.UtilsForceOpt:fmOptPSO_cust:189 -         PSO iteration: 24 ; 1 percentage similarities; Best obj: 0.03489
2025-06-25 15:50:07.712 | INFO     | myoconverter.optimization.utils.UtilsForceOpt:fmOptPSO_cust:189 -         PSO iteration: 25 ; 6 percentage similarities; Best obj: 0.03474
2025-06-25 15:50:07.810 | INFO     | myoconverter.optimization.utils.UtilsForceOpt:fmOptPSO_cust:189 -         PSO iteration: 26 ; 6 percentage similarities; Best obj: 0.03467
2025-06-25 15:50:07.908 | INFO     | myoconverter.optimization.utils.UtilsForceOpt:fmOptPSO_cust:189 -         PSO iteration: 27 ; 8 percentage similarities; Best obj: 0.03455
2025-06-25 15:50:08.008 | INFO     | myoconverter.optimization.utils.UtilsForceOpt:fmOptPSO_cust:189 -         PSO iteration: 28 ; 8 percentage similarities; Best obj: 0.03431
2025-06-25 15:50:08.110 | INFO     | myoconverter.optimization.utils.UtilsForceOpt:fmOptPSO_cust:189 -         PSO iteration: 29 ; 9 percentage similarities; Best obj: 0.03426
2025-06-25 15:50:08.212 | INFO     | myoconverter.optimization.utils.UtilsForceOpt:fmOptPSO_cust:189 -         PSO iteration: 30 ; 9 percentage similarities; Best obj: 0.03425
2025-06-25 15:50:08.314 | INFO     | myoconverter.optimization.utils.UtilsForceOpt:fmOptPSO_cust:189 -         PSO iteration: 31 ; 9 percentage similarities; Best obj: 0.03421
2025-06-25 15:50:08.422 | INFO     | myoconverter.optimization.utils.UtilsForceOpt:fmOptPSO_cust:189 -         PSO iteration: 32 ; 9 percentage similarities; Best obj: 0.03419
2025-06-25 15:50:08.522 | INFO     | myoconverter.optimization.utils.UtilsForceOpt:fmOptPSO_cust:189 -         PSO iteration: 33 ; 9 percentage similarities; Best obj: 0.03413
2025-06-25 15:50:08.622 | INFO     | myoconverter.optimization.utils.UtilsForceOpt:fmOptPSO_cust:189 -         PSO iteration: 34 ; 10 percentage similarities; Best obj: 0.03408
2025-06-25 15:50:08.722 | INFO     | myoconverter.optimization.utils.UtilsForceOpt:fmOptPSO_cust:189 -         PSO iteration: 35 ; 11 percentage similarities; Best obj: 0.03407
2025-06-25 15:50:08.822 | INFO     | myoconverter.optimization.utils.UtilsForceOpt:fmOptPSO_cust:189 -         PSO iteration: 36 ; 11 percentage similarities; Best obj: 0.03407
2025-06-25 15:50:08.919 | INFO     | myoconverter.optimization.utils.UtilsForceOpt:fmOptPSO_cust:189 -         PSO iteration: 37 ; 18 percentage similarities; Best obj: 0.03406
2025-06-25 15:50:09.020 | INFO     | myoconverter.optimization.utils.UtilsForceOpt:fmOptPSO_cust:189 -         PSO iteration: 38 ; 21 percentage similarities; Best obj: 0.03405
2025-06-25 15:50:09.124 | INFO     | myoconverter.optimization.utils.UtilsForceOpt:fmOptPSO_cust:189 -         PSO iteration: 39 ; 31 percentage similarities; Best obj: 0.03405
2025-06-25 15:50:09.223 | INFO     | myoconverter.optimization.utils.UtilsForceOpt:fmOptPSO_cust:189 -         PSO iteration: 40 ; 48 percentage similarities; Best obj: 0.03405
2025-06-25 15:50:09.224 | INFO     | myoconverter.optimization.utils.UtilsForceOpt:fmOptPSO_cust:197 -         Break the optimization, since certain number of similar particles reached
2025-06-25 15:50:09.324 | INFO     | myoconverter.conversion_steps.O2MStep3:optMuscleForce:273 - Muscle : rect_fem_r 
2025-06-25 15:50:26.674 | INFO     | myoconverter.optimization.utils.UtilsForceOpt:fmOptPSO_cust:189 -         PSO iteration: 0 ; 0 percentage similarities; Best obj: 0.22584
2025-06-25 15:50:26.774 | INFO     | myoconverter.optimization.utils.UtilsForceOpt:fmOptPSO_cust:189 -         PSO iteration: 1 ; 1 percentage similarities; Best obj: 0.19194
2025-06-25 15:50:26.873 | INFO     | myoconverter.optimization.utils.UtilsForceOpt:fmOptPSO_cust:189 -         PSO iteration: 2 ; 1 percentage similarities; Best obj: 0.19194
2025-06-25 15:50:26.972 | INFO     | myoconverter.optimization.utils.UtilsForceOpt:fmOptPSO_cust:189 -         PSO iteration: 3 ; 1 percentage similarities; Best obj: 0.19194
2025-06-25 15:50:27.078 | INFO     | myoconverter.optimization.utils.UtilsForceOpt:fmOptPSO_cust:189 -         PSO iteration: 4 ; 1 percentage similarities; Best obj: 0.18798
2025-06-25 15:50:27.182 | INFO     | myoconverter.optimization.utils.UtilsForceOpt:fmOptPSO_cust:189 -         PSO iteration: 5 ; 1 percentage similarities; Best obj: 0.18606
2025-06-25 15:50:27.284 | INFO     | myoconverter.optimization.utils.UtilsForceOpt:fmOptPSO_cust:189 -         PSO iteration: 6 ; 2 percentage similarities; Best obj: 0.18516
2025-06-25 15:50:27.386 | INFO     | myoconverter.optimization.utils.UtilsForceOpt:fmOptPSO_cust:189 -         PSO iteration: 7 ; 6 percentage similarities; Best obj: 0.18428
2025-06-25 15:50:27.488 | INFO     | myoconverter.optimization.utils.UtilsForceOpt:fmOptPSO_cust:189 -         PSO iteration: 8 ; 10 percentage similarities; Best obj: 0.18308
2025-06-25 15:50:27.588 | INFO     | myoconverter.optimization.utils.UtilsForceOpt:fmOptPSO_cust:189 -         PSO iteration: 9 ; 10 percentage similarities; Best obj: 0.18238
2025-06-25 15:50:27.689 | INFO     | myoconverter.optimization.utils.UtilsForceOpt:fmOptPSO_cust:189 -         PSO iteration: 10 ; 18 percentage similarities; Best obj: 0.1822
2025-06-25 15:50:27.791 | INFO     | myoconverter.optimization.utils.UtilsForceOpt:fmOptPSO_cust:189 -         PSO iteration: 11 ; 19 percentage similarities; Best obj: 0.18206
2025-06-25 15:50:27.898 | INFO     | myoconverter.optimization.utils.UtilsForceOpt:fmOptPSO_cust:189 -         PSO iteration: 12 ; 21 percentage similarities; Best obj: 0.18194
2025-06-25 15:50:28.020 | INFO     | myoconverter.optimization.utils.UtilsForceOpt:fmOptPSO_cust:189 -         PSO iteration: 13 ; 22 percentage similarities; Best obj: 0.18141
2025-06-25 15:50:28.147 | INFO     | myoconverter.optimization.utils.UtilsForceOpt:fmOptPSO_cust:189 -         PSO iteration: 14 ; 25 percentage similarities; Best obj: 0.18132
2025-06-25 15:50:28.281 | INFO     | myoconverter.optimization.utils.UtilsForceOpt:fmOptPSO_cust:189 -         PSO iteration: 15 ; 45 percentage similarities; Best obj: 0.18121
2025-06-25 15:50:28.283 | INFO     | myoconverter.optimization.utils.UtilsForceOpt:fmOptPSO_cust:197 -         Break the optimization, since certain number of similar particles reached
2025-06-25 15:50:28.378 | INFO     | myoconverter.conversion_steps.O2MStep3:optMuscleForce:273 - Muscle : vas_int_r 
2025-06-25 15:50:45.579 | INFO     | myoconverter.optimization.utils.UtilsForceOpt:fmOptPSO_cust:189 -         PSO iteration: 0 ; 0 percentage similarities; Best obj: 0.11032
2025-06-25 15:50:45.681 | INFO     | myoconverter.optimization.utils.UtilsForceOpt:fmOptPSO_cust:189 -         PSO iteration: 1 ; 1 percentage similarities; Best obj: 0.06654
2025-06-25 15:50:45.775 | INFO     | myoconverter.optimization.utils.UtilsForceOpt:fmOptPSO_cust:189 -         PSO iteration: 2 ; 1 percentage similarities; Best obj: 0.06654
2025-06-25 15:50:45.865 | INFO     | myoconverter.optimization.utils.UtilsForceOpt:fmOptPSO_cust:189 -         PSO iteration: 3 ; 1 percentage similarities; Best obj: 0.04909
2025-06-25 15:50:45.959 | INFO     | myoconverter.optimization.utils.UtilsForceOpt:fmOptPSO_cust:189 -         PSO iteration: 4 ; 1 percentage similarities; Best obj: 0.03843
2025-06-25 15:50:46.053 | INFO     | myoconverter.optimization.utils.UtilsForceOpt:fmOptPSO_cust:189 -         PSO iteration: 5 ; 1 percentage similarities; Best obj: 0.03599
2025-06-25 15:50:46.158 | INFO     | myoconverter.optimization.utils.UtilsForceOpt:fmOptPSO_cust:189 -         PSO iteration: 6 ; 1 percentage similarities; Best obj: 0.0354
2025-06-25 15:50:46.262 | INFO     | myoconverter.optimization.utils.UtilsForceOpt:fmOptPSO_cust:189 -         PSO iteration: 7 ; 1 percentage similarities; Best obj: 0.02684
2025-06-25 15:50:46.360 | INFO     | myoconverter.optimization.utils.UtilsForceOpt:fmOptPSO_cust:189 -         PSO iteration: 8 ; 1 percentage similarities; Best obj: 0.02684
2025-06-25 15:50:46.473 | INFO     | myoconverter.optimization.utils.UtilsForceOpt:fmOptPSO_cust:189 -         PSO iteration: 9 ; 1 percentage similarities; Best obj: 0.02684
2025-06-25 15:50:46.598 | INFO     | myoconverter.optimization.utils.UtilsForceOpt:fmOptPSO_cust:189 -         PSO iteration: 10 ; 1 percentage similarities; Best obj: 0.02684
2025-06-25 15:50:46.733 | INFO     | myoconverter.optimization.utils.UtilsForceOpt:fmOptPSO_cust:189 -         PSO iteration: 11 ; 1 percentage similarities; Best obj: 0.02494
2025-06-25 15:50:46.864 | INFO     | myoconverter.optimization.utils.UtilsForceOpt:fmOptPSO_cust:189 -         PSO iteration: 12 ; 1 percentage similarities; Best obj: 0.02379
2025-06-25 15:50:46.996 | INFO     | myoconverter.optimization.utils.UtilsForceOpt:fmOptPSO_cust:189 -         PSO iteration: 13 ; 2 percentage similarities; Best obj: 0.02204
2025-06-25 15:50:47.127 | INFO     | myoconverter.optimization.utils.UtilsForceOpt:fmOptPSO_cust:189 -         PSO iteration: 14 ; 2 percentage similarities; Best obj: 0.02149
2025-06-25 15:50:47.259 | INFO     | myoconverter.optimization.utils.UtilsForceOpt:fmOptPSO_cust:189 -         PSO iteration: 15 ; 1 percentage similarities; Best obj: 0.02138
2025-06-25 15:50:47.398 | INFO     | myoconverter.optimization.utils.UtilsForceOpt:fmOptPSO_cust:189 -         PSO iteration: 16 ; 2 percentage similarities; Best obj: 0.02062
2025-06-25 15:50:47.537 | INFO     | myoconverter.optimization.utils.UtilsForceOpt:fmOptPSO_cust:189 -         PSO iteration: 17 ; 2 percentage similarities; Best obj: 0.02049
2025-06-25 15:50:47.672 | INFO     | myoconverter.optimization.utils.UtilsForceOpt:fmOptPSO_cust:189 -         PSO iteration: 18 ; 5 percentage similarities; Best obj: 0.02034
2025-06-25 15:50:47.799 | INFO     | myoconverter.optimization.utils.UtilsForceOpt:fmOptPSO_cust:189 -         PSO iteration: 19 ; 6 percentage similarities; Best obj: 0.02031
2025-06-25 15:50:47.935 | INFO     | myoconverter.optimization.utils.UtilsForceOpt:fmOptPSO_cust:189 -         PSO iteration: 20 ; 6 percentage similarities; Best obj: 0.0203
2025-06-25 15:50:48.070 | INFO     | myoconverter.optimization.utils.UtilsForceOpt:fmOptPSO_cust:189 -         PSO iteration: 21 ; 11 percentage similarities; Best obj: 0.0203
2025-06-25 15:50:48.203 | INFO     | myoconverter.optimization.utils.UtilsForceOpt:fmOptPSO_cust:189 -         PSO iteration: 22 ; 18 percentage similarities; Best obj: 0.02029
2025-06-25 15:50:48.341 | INFO     | myoconverter.optimization.utils.UtilsForceOpt:fmOptPSO_cust:189 -         PSO iteration: 23 ; 26 percentage similarities; Best obj: 0.02026
2025-06-25 15:50:48.475 | INFO     | myoconverter.optimization.utils.UtilsForceOpt:fmOptPSO_cust:189 -         PSO iteration: 24 ; 36 percentage similarities; Best obj: 0.02025
2025-06-25 15:50:48.606 | INFO     | myoconverter.optimization.utils.UtilsForceOpt:fmOptPSO_cust:189 -         PSO iteration: 25 ; 46 percentage similarities; Best obj: 0.02024
2025-06-25 15:50:48.607 | INFO     | myoconverter.optimization.utils.UtilsForceOpt:fmOptPSO_cust:197 -         Break the optimization, since certain number of similar particles reached
2025-06-25 15:50:48.696 | INFO     | myoconverter.conversion_steps.O2MStep3:optMuscleForce:273 - Muscle : med_gas_r 
2025-06-25 15:51:07.826 | INFO     | myoconverter.optimization.utils.UtilsForceOpt:fmOptPSO_cust:189 -         PSO iteration: 0 ; 0 percentage similarities; Best obj: 0.04633
2025-06-25 15:51:07.961 | INFO     | myoconverter.optimization.utils.UtilsForceOpt:fmOptPSO_cust:189 -         PSO iteration: 1 ; 1 percentage similarities; Best obj: 0.04633
2025-06-25 15:51:08.101 | INFO     | myoconverter.optimization.utils.UtilsForceOpt:fmOptPSO_cust:189 -         PSO iteration: 2 ; 1 percentage similarities; Best obj: 0.04633
2025-06-25 15:51:08.239 | INFO     | myoconverter.optimization.utils.UtilsForceOpt:fmOptPSO_cust:189 -         PSO iteration: 3 ; 1 percentage similarities; Best obj: 0.04633
2025-06-25 15:51:08.396 | INFO     | myoconverter.optimization.utils.UtilsForceOpt:fmOptPSO_cust:189 -         PSO iteration: 4 ; 1 percentage similarities; Best obj: 0.04521
2025-06-25 15:51:08.568 | INFO     | myoconverter.optimization.utils.UtilsForceOpt:fmOptPSO_cust:189 -         PSO iteration: 5 ; 1 percentage similarities; Best obj: 0.04082
2025-06-25 15:51:08.730 | INFO     | myoconverter.optimization.utils.UtilsForceOpt:fmOptPSO_cust:189 -         PSO iteration: 6 ; 1 percentage similarities; Best obj: 0.03991
2025-06-25 15:51:08.892 | INFO     | myoconverter.optimization.utils.UtilsForceOpt:fmOptPSO_cust:189 -         PSO iteration: 7 ; 1 percentage similarities; Best obj: 0.03969
2025-06-25 15:51:09.030 | INFO     | myoconverter.optimization.utils.UtilsForceOpt:fmOptPSO_cust:189 -         PSO iteration: 8 ; 1 percentage similarities; Best obj: 0.03964
2025-06-25 15:51:09.171 | INFO     | myoconverter.optimization.utils.UtilsForceOpt:fmOptPSO_cust:189 -         PSO iteration: 9 ; 1 percentage similarities; Best obj: 0.03963
2025-06-25 15:51:09.333 | INFO     | myoconverter.optimization.utils.UtilsForceOpt:fmOptPSO_cust:189 -         PSO iteration: 10 ; 1 percentage similarities; Best obj: 0.03858
2025-06-25 15:51:09.483 | INFO     | myoconverter.optimization.utils.UtilsForceOpt:fmOptPSO_cust:189 -         PSO iteration: 11 ; 1 percentage similarities; Best obj: 0.03829
2025-06-25 15:51:09.623 | INFO     | myoconverter.optimization.utils.UtilsForceOpt:fmOptPSO_cust:189 -         PSO iteration: 12 ; 1 percentage similarities; Best obj: 0.03755
2025-06-25 15:51:09.762 | INFO     | myoconverter.optimization.utils.UtilsForceOpt:fmOptPSO_cust:189 -         PSO iteration: 13 ; 1 percentage similarities; Best obj: 0.03718
2025-06-25 15:51:09.928 | INFO     | myoconverter.optimization.utils.UtilsForceOpt:fmOptPSO_cust:189 -         PSO iteration: 14 ; 4 percentage similarities; Best obj: 0.03695
2025-06-25 15:51:10.084 | INFO     | myoconverter.optimization.utils.UtilsForceOpt:fmOptPSO_cust:189 -         PSO iteration: 15 ; 4 percentage similarities; Best obj: 0.0368
2025-06-25 15:51:10.252 | INFO     | myoconverter.optimization.utils.UtilsForceOpt:fmOptPSO_cust:189 -         PSO iteration: 16 ; 4 percentage similarities; Best obj: 0.0367
2025-06-25 15:51:10.416 | INFO     | myoconverter.optimization.utils.UtilsForceOpt:fmOptPSO_cust:189 -         PSO iteration: 17 ; 4 percentage similarities; Best obj: 0.03597
2025-06-25 15:51:10.574 | INFO     | myoconverter.optimization.utils.UtilsForceOpt:fmOptPSO_cust:189 -         PSO iteration: 18 ; 1 percentage similarities; Best obj: 0.03566
2025-06-25 15:51:10.730 | INFO     | myoconverter.optimization.utils.UtilsForceOpt:fmOptPSO_cust:189 -         PSO iteration: 19 ; 4 percentage similarities; Best obj: 0.0355
2025-06-25 15:51:10.881 | INFO     | myoconverter.optimization.utils.UtilsForceOpt:fmOptPSO_cust:189 -         PSO iteration: 20 ; 4 percentage similarities; Best obj: 0.03542
2025-06-25 15:51:11.026 | INFO     | myoconverter.optimization.utils.UtilsForceOpt:fmOptPSO_cust:189 -         PSO iteration: 21 ; 5 percentage similarities; Best obj: 0.0354
2025-06-25 15:51:11.170 | INFO     | myoconverter.optimization.utils.UtilsForceOpt:fmOptPSO_cust:189 -         PSO iteration: 22 ; 5 percentage similarities; Best obj: 0.03533
2025-06-25 15:51:11.322 | INFO     | myoconverter.optimization.utils.UtilsForceOpt:fmOptPSO_cust:189 -         PSO iteration: 23 ; 5 percentage similarities; Best obj: 0.03527
2025-06-25 15:51:11.484 | INFO     | myoconverter.optimization.utils.UtilsForceOpt:fmOptPSO_cust:189 -         PSO iteration: 24 ; 11 percentage similarities; Best obj: 0.03513
2025-06-25 15:51:11.769 | INFO     | myoconverter.optimization.utils.UtilsForceOpt:fmOptPSO_cust:189 -         PSO iteration: 25 ; 9 percentage similarities; Best obj: 0.0349
2025-06-25 15:51:11.965 | INFO     | myoconverter.optimization.utils.UtilsForceOpt:fmOptPSO_cust:189 -         PSO iteration: 26 ; 15 percentage similarities; Best obj: 0.03483
2025-06-25 15:51:12.146 | INFO     | myoconverter.optimization.utils.UtilsForceOpt:fmOptPSO_cust:189 -         PSO iteration: 27 ; 19 percentage similarities; Best obj: 0.03482
2025-06-25 15:51:12.319 | INFO     | myoconverter.optimization.utils.UtilsForceOpt:fmOptPSO_cust:189 -         PSO iteration: 28 ; 21 percentage similarities; Best obj: 0.03482
2025-06-25 15:51:12.490 | INFO     | myoconverter.optimization.utils.UtilsForceOpt:fmOptPSO_cust:189 -         PSO iteration: 29 ; 22 percentage similarities; Best obj: 0.03482
2025-06-25 15:51:12.681 | INFO     | myoconverter.optimization.utils.UtilsForceOpt:fmOptPSO_cust:189 -         PSO iteration: 30 ; 25 percentage similarities; Best obj: 0.03477
2025-06-25 15:51:12.858 | INFO     | myoconverter.optimization.utils.UtilsForceOpt:fmOptPSO_cust:189 -         PSO iteration: 31 ; 28 percentage similarities; Best obj: 0.03476
2025-06-25 15:51:13.034 | INFO     | myoconverter.optimization.utils.UtilsForceOpt:fmOptPSO_cust:189 -         PSO iteration: 32 ; 29 percentage similarities; Best obj: 0.03472
2025-06-25 15:51:13.232 | INFO     | myoconverter.optimization.utils.UtilsForceOpt:fmOptPSO_cust:189 -         PSO iteration: 33 ; 39 percentage similarities; Best obj: 0.03471
2025-06-25 15:51:13.453 | INFO     | myoconverter.optimization.utils.UtilsForceOpt:fmOptPSO_cust:189 -         PSO iteration: 34 ; 41 percentage similarities; Best obj: 0.0347
2025-06-25 15:51:13.455 | INFO     | myoconverter.optimization.utils.UtilsForceOpt:fmOptPSO_cust:197 -         Break the optimization, since certain number of similar particles reached
2025-06-25 15:51:13.559 | INFO     | myoconverter.conversion_steps.O2MStep3:optMuscleForce:273 - Muscle : soleus_r 
2025-06-25 15:51:35.389 | INFO     | myoconverter.optimization.utils.UtilsForceOpt:fmOptPSO_cust:189 -         PSO iteration: 0 ; 0 percentage similarities; Best obj: 0.09747
2025-06-25 15:51:35.501 | INFO     | myoconverter.optimization.utils.UtilsForceOpt:fmOptPSO_cust:189 -         PSO iteration: 1 ; 1 percentage similarities; Best obj: 0.09747
2025-06-25 15:51:35.608 | INFO     | myoconverter.optimization.utils.UtilsForceOpt:fmOptPSO_cust:189 -         PSO iteration: 2 ; 1 percentage similarities; Best obj: 0.09747
2025-06-25 15:51:35.749 | INFO     | myoconverter.optimization.utils.UtilsForceOpt:fmOptPSO_cust:189 -         PSO iteration: 3 ; 1 percentage similarities; Best obj: 0.05224
2025-06-25 15:51:35.859 | INFO     | myoconverter.optimization.utils.UtilsForceOpt:fmOptPSO_cust:189 -         PSO iteration: 4 ; 1 percentage similarities; Best obj: 0.04597
2025-06-25 15:51:35.956 | INFO     | myoconverter.optimization.utils.UtilsForceOpt:fmOptPSO_cust:189 -         PSO iteration: 5 ; 1 percentage similarities; Best obj: 0.04573
2025-06-25 15:51:36.051 | INFO     | myoconverter.optimization.utils.UtilsForceOpt:fmOptPSO_cust:189 -         PSO iteration: 6 ; 1 percentage similarities; Best obj: 0.04062
2025-06-25 15:51:36.167 | INFO     | myoconverter.optimization.utils.UtilsForceOpt:fmOptPSO_cust:189 -         PSO iteration: 7 ; 1 percentage similarities; Best obj: 0.03777
2025-06-25 15:51:36.263 | INFO     | myoconverter.optimization.utils.UtilsForceOpt:fmOptPSO_cust:189 -         PSO iteration: 8 ; 1 percentage similarities; Best obj: 0.03587
2025-06-25 15:51:36.376 | INFO     | myoconverter.optimization.utils.UtilsForceOpt:fmOptPSO_cust:189 -         PSO iteration: 9 ; 2 percentage similarities; Best obj: 0.03405
2025-06-25 15:51:36.478 | INFO     | myoconverter.optimization.utils.UtilsForceOpt:fmOptPSO_cust:189 -         PSO iteration: 10 ; 1 percentage similarities; Best obj: 0.03364
2025-06-25 15:51:36.584 | INFO     | myoconverter.optimization.utils.UtilsForceOpt:fmOptPSO_cust:189 -         PSO iteration: 11 ; 1 percentage similarities; Best obj: 0.03339
2025-06-25 15:51:36.683 | INFO     | myoconverter.optimization.utils.UtilsForceOpt:fmOptPSO_cust:189 -         PSO iteration: 12 ; 2 percentage similarities; Best obj: 0.03195
2025-06-25 15:51:36.783 | INFO     | myoconverter.optimization.utils.UtilsForceOpt:fmOptPSO_cust:189 -         PSO iteration: 13 ; 1 percentage similarities; Best obj: 0.03149
2025-06-25 15:51:36.893 | INFO     | myoconverter.optimization.utils.UtilsForceOpt:fmOptPSO_cust:189 -         PSO iteration: 14 ; 1 percentage similarities; Best obj: 0.03126
2025-06-25 15:51:36.991 | INFO     | myoconverter.optimization.utils.UtilsForceOpt:fmOptPSO_cust:189 -         PSO iteration: 15 ; 5 percentage similarities; Best obj: 0.03084
2025-06-25 15:51:37.095 | INFO     | myoconverter.optimization.utils.UtilsForceOpt:fmOptPSO_cust:189 -         PSO iteration: 16 ; 4 percentage similarities; Best obj: 0.03008
2025-06-25 15:51:37.202 | INFO     | myoconverter.optimization.utils.UtilsForceOpt:fmOptPSO_cust:189 -         PSO iteration: 17 ; 4 percentage similarities; Best obj: 0.02974
2025-06-25 15:51:37.298 | INFO     | myoconverter.optimization.utils.UtilsForceOpt:fmOptPSO_cust:189 -         PSO iteration: 18 ; 2 percentage similarities; Best obj: 0.02953
2025-06-25 15:51:37.403 | INFO     | myoconverter.optimization.utils.UtilsForceOpt:fmOptPSO_cust:189 -         PSO iteration: 19 ; 6 percentage similarities; Best obj: 0.02945
2025-06-25 15:51:37.507 | INFO     | myoconverter.optimization.utils.UtilsForceOpt:fmOptPSO_cust:189 -         PSO iteration: 20 ; 10 percentage similarities; Best obj: 0.02943
2025-06-25 15:51:37.610 | INFO     | myoconverter.optimization.utils.UtilsForceOpt:fmOptPSO_cust:189 -         PSO iteration: 21 ; 12 percentage similarities; Best obj: 0.02934
2025-06-25 15:51:37.714 | INFO     | myoconverter.optimization.utils.UtilsForceOpt:fmOptPSO_cust:189 -         PSO iteration: 22 ; 18 percentage similarities; Best obj: 0.02931
2025-06-25 15:51:37.822 | INFO     | myoconverter.optimization.utils.UtilsForceOpt:fmOptPSO_cust:189 -         PSO iteration: 23 ; 19 percentage similarities; Best obj: 0.0293
2025-06-25 15:51:37.919 | INFO     | myoconverter.optimization.utils.UtilsForceOpt:fmOptPSO_cust:189 -         PSO iteration: 24 ; 32 percentage similarities; Best obj: 0.02926
2025-06-25 15:51:38.036 | INFO     | myoconverter.optimization.utils.UtilsForceOpt:fmOptPSO_cust:189 -         PSO iteration: 25 ; 40 percentage similarities; Best obj: 0.02925
2025-06-25 15:51:38.145 | INFO     | myoconverter.optimization.utils.UtilsForceOpt:fmOptPSO_cust:189 -         PSO iteration: 26 ; 40 percentage similarities; Best obj: 0.02924
2025-06-25 15:51:38.148 | INFO     | myoconverter.optimization.utils.UtilsForceOpt:fmOptPSO_cust:197 -         Break the optimization, since certain number of similar particles reached
2025-06-25 15:51:38.244 | INFO     | myoconverter.conversion_steps.O2MStep3:optMuscleForce:273 - Muscle : tib_ant_r 
2025-06-25 15:52:00.285 | INFO     | myoconverter.optimization.utils.UtilsForceOpt:fmOptPSO_cust:189 -         PSO iteration: 0 ; 0 percentage similarities; Best obj: 0.13278
2025-06-25 15:52:00.381 | INFO     | myoconverter.optimization.utils.UtilsForceOpt:fmOptPSO_cust:189 -         PSO iteration: 1 ; 2 percentage similarities; Best obj: 0.06184
2025-06-25 15:52:00.487 | INFO     | myoconverter.optimization.utils.UtilsForceOpt:fmOptPSO_cust:189 -         PSO iteration: 2 ; 1 percentage similarities; Best obj: 0.06184
2025-06-25 15:52:00.595 | INFO     | myoconverter.optimization.utils.UtilsForceOpt:fmOptPSO_cust:189 -         PSO iteration: 3 ; 1 percentage similarities; Best obj: 0.06184
2025-06-25 15:52:00.709 | INFO     | myoconverter.optimization.utils.UtilsForceOpt:fmOptPSO_cust:189 -         PSO iteration: 4 ; 1 percentage similarities; Best obj: 0.06184
2025-06-25 15:52:00.804 | INFO     | myoconverter.optimization.utils.UtilsForceOpt:fmOptPSO_cust:189 -         PSO iteration: 5 ; 1 percentage similarities; Best obj: 0.06184
2025-06-25 15:52:00.920 | INFO     | myoconverter.optimization.utils.UtilsForceOpt:fmOptPSO_cust:189 -         PSO iteration: 6 ; 1 percentage similarities; Best obj: 0.06184
2025-06-25 15:52:01.023 | INFO     | myoconverter.optimization.utils.UtilsForceOpt:fmOptPSO_cust:189 -         PSO iteration: 7 ; 1 percentage similarities; Best obj: 0.06184
2025-06-25 15:52:01.121 | INFO     | myoconverter.optimization.utils.UtilsForceOpt:fmOptPSO_cust:189 -         PSO iteration: 8 ; 1 percentage similarities; Best obj: 0.06184
2025-06-25 15:52:01.233 | INFO     | myoconverter.optimization.utils.UtilsForceOpt:fmOptPSO_cust:189 -         PSO iteration: 9 ; 1 percentage similarities; Best obj: 0.06184
2025-06-25 15:52:01.342 | INFO     | myoconverter.optimization.utils.UtilsForceOpt:fmOptPSO_cust:189 -         PSO iteration: 10 ; 1 percentage similarities; Best obj: 0.06184
2025-06-25 15:52:01.447 | INFO     | myoconverter.optimization.utils.UtilsForceOpt:fmOptPSO_cust:189 -         PSO iteration: 11 ; 1 percentage similarities; Best obj: 0.06184
2025-06-25 15:52:01.552 | INFO     | myoconverter.optimization.utils.UtilsForceOpt:fmOptPSO_cust:189 -         PSO iteration: 12 ; 1 percentage similarities; Best obj: 0.06184
2025-06-25 15:52:01.555 | INFO     | myoconverter.optimization.utils.UtilsForceOpt:fmOptPSO_cust:209 -         Break the optimization, since global obj maintained the same value for certain iterations
2025-06-25 15:52:01.648 | INFO     | myoconverter.conversion_steps.O2MSteps:PipelineExecution:262 - Finished step 3 conversion - cvt3.
2025-06-25 15:52:01.650 | INFO     | myoconverter.conversion_steps.O2MSteps:PipelineExecution:268 - Started step 3 validation - val3.
2025-06-25 15:52:04.158 | INFO     | myoconverter.conversion_steps.O2MSteps:PipelineExecution:270 - Finished step 3 validation - val3.
2025-06-25 15:52:04.162 | INFO     | myoconverter.conversion_steps.O2MSteps:PipelineExecution:281 - Generating pdf report based on the validation results.
2025-06-25 15:52:04.164 | INFO     | myoconverter.conversion_steps.O2MSteps:PipelineExecution:282 -    This may take a while, suggest to do this after all validation steps...
2025-06-25 15:52:04.210 | INFO     | myoconverter.utils.generate_pdf:add_step1_plots:155 -    Adding vlt1 results.
2025-06-25 15:52:28.629 | INFO     | myoconverter.utils.generate_pdf:add_step2_plots:236 -    Adding vlt2 results.
2025-06-25 15:52:44.657 | INFO     | myoconverter.utils.generate_pdf:add_step3_plots:279 -    Adding vlt3 results.
