2025-06-25 14:40:12.309 | INFO     | myoconverter.O2MPipeline:O2MPipeline:52 - Start the conversion pipeline for : arm26
2025-06-25 14:40:12.312 | INFO     | myoconverter.O2MPipeline:coordinate_kwargs:75 - Coordinate the input configurations, remove conflicts.
2025-06-25 14:40:12.314 | INFO     | myoconverter.O2MPipeline:coordinate_kwargs:86 -    Checking configurations for step 2 conversion.
2025-06-25 14:40:12.314 | INFO     | myoconverter.O2MPipeline:coordinate_kwargs:101 -        Configure of previous run does not exist, set osim_data_overwrite to TRUE.
2025-06-25 14:40:12.315 | INFO     | myoconverter.O2MPipeline:coordinate_kwargs:103 -        All good now.
2025-06-25 14:40:12.318 | INFO     | myoconverter.O2MPipeline:coordinate_kwargs:119 -    Checking configurations for step 3 conversion.
2025-06-25 14:40:12.319 | INFO     | myoconverter.O2MPipeline:coordinate_kwargs:134 -        Configure of previous run does not exist, set osim_data_overwrite to TRUE.
2025-06-25 14:40:12.321 | INFO     | myoconverter.O2MPipeline:coordinate_kwargs:136 -        All good now.
2025-06-25 14:40:12.323 | INFO     | myoconverter.conversion_steps.O2MSteps:__init__:84 - Given OpenSim model file: /Users/masa/myosuite/opensim-models/Models/Arm26/arm26.osim
2025-06-25 14:40:12.324 | INFO     | myoconverter.conversion_steps.O2MSteps:__init__:85 - Reading mesh files from folder /Users/masa/myosuite/opensim-models/Geometry
2025-06-25 14:40:12.325 | INFO     | myoconverter.conversion_steps.O2MSteps:__init__:86 - Converted model will be saved in folder /Users/masa/myosuite/myo_sim/arm26
2025-06-25 14:40:12.327 | INFO     | myoconverter.conversion_steps.O2MSteps:PipelineExecution:124 - Started step 1 conversion - cvt1.
2025-06-25 14:40:12.941 | INFO     | myoconverter.xml.converter:convert:40 - Commencing the conversion procedure!
2025-06-25 14:40:12.942 | INFO     | myoconverter.xml.converter:_parse_ground:138 - Parsing the ground
2025-06-25 14:40:12.943 | INFO     | myoconverter.xml.parsers:parse:59 - [BodyParser: Ground] ground
2025-06-25 14:40:12.945 | INFO     | myoconverter.xml.converter:_parse_constraints:147 - Starting to parse constraints
2025-06-25 14:40:12.946 | INFO     | myoconverter.xml.converter:_parse_bodies_and_joints:80 - Starting to parse bodies, wrapping objects, and joints
2025-06-25 14:40:12.947 | INFO     | myoconverter.xml.parsers:parse:59 - [BodyParser: Body] base
2025-06-25 14:40:14.587 | INFO     | myoconverter.xml.parsers:parse:59 - [WrapObjectParser: WrapCylinder] TRIlongglen
2025-06-25 14:40:14.589 | INFO     | myoconverter.xml.parsers:parse:59 - [JointParser: WeldJoint] offset
2025-06-25 14:40:14.589 | INFO     | myoconverter.xml.parsers:parse:59 - [BodyParser: Body] r_humerus
2025-06-25 14:40:14.668 | INFO     | myoconverter.xml.parsers:parse:59 - [WrapObjectParser: WrapEllipsoid] TRIlonghh
2025-06-25 14:40:14.669 | INFO     | myoconverter.xml.parsers:parse:59 - [WrapObjectParser: WrapEllipsoid] BIClonghh
2025-06-25 14:40:14.671 | INFO     | myoconverter.xml.parsers:parse:59 - [WrapObjectParser: WrapCylinder] TRI
2025-06-25 14:40:14.672 | INFO     | myoconverter.xml.parsers:parse:59 - [JointParser: CustomJoint] r_shoulder
2025-06-25 14:40:14.674 | INFO     | myoconverter.xml.parsers:parse:59 - [BodyParser: Body] r_ulna_radius_hand
2025-06-25 14:40:15.775 | INFO     | myoconverter.xml.parsers:parse:59 - [JointParser: CustomJoint] r_elbow
2025-06-25 14:40:15.777 | INFO     | myoconverter.xml.converter:_parse_forces:156 - Starting to parse forces, including path points and wrap paths
2025-06-25 14:40:15.778 | INFO     | myoconverter.xml.parsers:parse:59 - [ForceParser: Thelen2003Muscle] TRIlong
2025-06-25 14:40:15.780 | INFO     | myoconverter.xml.parsers:parse:59 - [PathPointParser: PathPoint] TRIlong-P1
2025-06-25 14:40:15.781 | INFO     | myoconverter.xml.parsers:parse:59 - [PathPointParser: PathPoint] TRIlong-P2
2025-06-25 14:40:15.783 | INFO     | myoconverter.xml.parsers:parse:59 - [PathPointParser: PathPoint] TRIlong-P3
2025-06-25 14:40:15.785 | INFO     | myoconverter.xml.parsers:parse:59 - [PathPointParser: PathPoint] TRIlong-P4
2025-06-25 14:40:15.786 | INFO     | myoconverter.xml.parsers:parse:59 - [PathPointParser: PathPoint] TRIlong-P5
2025-06-25 14:40:15.787 | INFO     | myoconverter.xml.parsers:parse:59 - [PathWrapSetParser: PathWrapSet] 
2025-06-25 14:40:15.788 | INFO     | myoconverter.xml.parsers:parse:59 - [PathWrapParser: PathWrap] TRIlong-wrap-cylinder1
2025-06-25 14:40:15.793 | INFO     | myoconverter.xml.parsers:parse:59 - [PathWrapParser: PathWrap] TRIlong-wrap-ellipsoid
2025-06-25 14:40:15.796 | INFO     | myoconverter.xml.parsers:parse:59 - [PathWrapParser: PathWrap] TRIlong-wrap-cylinder2
2025-06-25 14:40:15.798 | INFO     | myoconverter.xml.parsers:parse:59 - [ForceParser: Thelen2003Muscle] TRIlat
2025-06-25 14:40:15.800 | INFO     | myoconverter.xml.parsers:parse:59 - [PathPointParser: PathPoint] TRIlat-P1
2025-06-25 14:40:15.800 | INFO     | myoconverter.xml.parsers:parse:59 - [PathPointParser: PathPoint] TRIlat-P2
2025-06-25 14:40:15.802 | INFO     | myoconverter.xml.parsers:parse:59 - [PathPointParser: PathPoint] TRIlat-P3
2025-06-25 14:40:15.803 | INFO     | myoconverter.xml.parsers:parse:59 - [PathPointParser: PathPoint] TRIlat-P4
2025-06-25 14:40:15.804 | INFO     | myoconverter.xml.parsers:parse:59 - [PathPointParser: PathPoint] TRIlat-P5
2025-06-25 14:40:15.804 | INFO     | myoconverter.xml.parsers:parse:59 - [PathWrapSetParser: PathWrapSet] 
2025-06-25 14:40:15.805 | INFO     | myoconverter.xml.parsers:parse:59 - [PathWrapParser: PathWrap] pathwrap
2025-06-25 14:40:15.810 | INFO     | myoconverter.xml.parsers:parse:59 - [ForceParser: Thelen2003Muscle] TRImed
2025-06-25 14:40:15.811 | INFO     | myoconverter.xml.parsers:parse:59 - [PathPointParser: PathPoint] TRImed-P1
2025-06-25 14:40:15.812 | INFO     | myoconverter.xml.parsers:parse:59 - [PathPointParser: PathPoint] TRImed-P2
2025-06-25 14:40:15.813 | INFO     | myoconverter.xml.parsers:parse:59 - [PathPointParser: PathPoint] TRImed-P3
2025-06-25 14:40:15.814 | INFO     | myoconverter.xml.parsers:parse:59 - [PathPointParser: PathPoint] TRImed-P4
2025-06-25 14:40:15.815 | INFO     | myoconverter.xml.parsers:parse:59 - [PathPointParser: PathPoint] TRImed-P5
2025-06-25 14:40:15.816 | INFO     | myoconverter.xml.parsers:parse:59 - [PathWrapSetParser: PathWrapSet] 
2025-06-25 14:40:15.817 | INFO     | myoconverter.xml.parsers:parse:59 - [PathWrapParser: PathWrap] pathwrap
2025-06-25 14:40:15.820 | INFO     | myoconverter.xml.parsers:parse:59 - [ForceParser: Thelen2003Muscle] BIClong
2025-06-25 14:40:15.821 | INFO     | myoconverter.xml.parsers:parse:59 - [PathPointParser: PathPoint] BIClong-P1
2025-06-25 14:40:15.822 | INFO     | myoconverter.xml.parsers:parse:59 - [PathPointParser: PathPoint] BIClong-P2
2025-06-25 14:40:15.824 | INFO     | myoconverter.xml.parsers:parse:59 - [PathPointParser: PathPoint] BIClong-P3
2025-06-25 14:40:15.825 | INFO     | myoconverter.xml.parsers:parse:59 - [PathPointParser: PathPoint] BIClong-P4
2025-06-25 14:40:15.826 | INFO     | myoconverter.xml.parsers:parse:59 - [PathPointParser: PathPoint] BIClong-P5
2025-06-25 14:40:15.827 | INFO     | myoconverter.xml.parsers:parse:59 - [PathPointParser: PathPoint] BIClong-P6
2025-06-25 14:40:15.829 | INFO     | myoconverter.xml.parsers:parse:59 - [PathPointParser: PathPoint] BIClong-P7
2025-06-25 14:40:15.829 | INFO     | myoconverter.xml.parsers:parse:59 - [PathPointParser: PathPoint] BIClong-P8
2025-06-25 14:40:15.830 | INFO     | myoconverter.xml.parsers:parse:59 - [PathPointParser: PathPoint] BIClong-P9
2025-06-25 14:40:15.831 | INFO     | myoconverter.xml.parsers:parse:59 - [PathWrapSetParser: PathWrapSet] 
2025-06-25 14:40:15.832 | INFO     | myoconverter.xml.parsers:parse:59 - [PathWrapParser: PathWrap] pathwrap
2025-06-25 14:40:15.834 | INFO     | myoconverter.xml.parsers:parse:59 - [ForceParser: Thelen2003Muscle] BICshort
2025-06-25 14:40:15.835 | INFO     | myoconverter.xml.parsers:parse:59 - [PathPointParser: PathPoint] BICshort-P1
2025-06-25 14:40:15.836 | INFO     | myoconverter.xml.parsers:parse:59 - [PathPointParser: PathPoint] BICshort-P2
2025-06-25 14:40:15.837 | INFO     | myoconverter.xml.parsers:parse:59 - [PathPointParser: PathPoint] BICshort-P3
2025-06-25 14:40:15.838 | INFO     | myoconverter.xml.parsers:parse:59 - [PathPointParser: PathPoint] BICshort-P4
2025-06-25 14:40:15.840 | INFO     | myoconverter.xml.parsers:parse:59 - [PathPointParser: PathPoint] BICshort-P5
2025-06-25 14:40:15.841 | INFO     | myoconverter.xml.parsers:parse:59 - [PathPointParser: PathPoint] BICshort-P6
2025-06-25 14:40:15.842 | INFO     | myoconverter.xml.parsers:parse:59 - [PathWrapSetParser: PathWrapSet] 
2025-06-25 14:40:15.843 | INFO     | myoconverter.xml.parsers:parse:59 - [ForceParser: Thelen2003Muscle] BRA
2025-06-25 14:40:15.844 | INFO     | myoconverter.xml.parsers:parse:59 - [PathPointParser: PathPoint] BRA-P1
2025-06-25 14:40:15.845 | INFO     | myoconverter.xml.parsers:parse:59 - [PathPointParser: PathPoint] BRA-P2
2025-06-25 14:40:15.846 | INFO     | myoconverter.xml.parsers:parse:59 - [PathWrapSetParser: PathWrapSet] 
2025-06-25 14:40:15.848 | INFO     | myoconverter.xml.parsers:parse:59 - [PathWrapParser: PathWrap] pathwrap
2025-06-25 14:40:15.850 | INFO     | myoconverter.xml.converter:_parse_markers:165 - Starting to parse markers
2025-06-25 14:40:15.851 | INFO     | myoconverter.xml.parsers:parse:59 - [MarkerParser: Marker] r_acromion
2025-06-25 14:40:15.852 | INFO     | myoconverter.xml.parsers:parse:59 - [MarkerParser: Marker] r_humerus_epicondyle
2025-06-25 14:40:15.854 | INFO     | myoconverter.xml.parsers:parse:59 - [MarkerParser: Marker] r_radius_styloid
2025-06-25 14:40:15.855 | INFO     | myoconverter.xml.converter:_set_keyframe:176 - Setting the default keyframe
2025-06-25 14:40:15.856 | INFO     | myoconverter.xml.converter:convert:65 - Writing the converted model into /Users/masa/myosuite/myo_sim/arm26\arm26_cvt1.xml
2025-06-25 14:40:15.857 | INFO     | myoconverter.xml.converter:convert:68 - All good, conversion procedure is finished
2025-06-25 14:40:15.858 | INFO     | myoconverter.conversion_steps.O2MSteps:PipelineExecution:126 - Finished step 1 conversion - cvt1.
2025-06-25 14:40:15.860 | INFO     | myoconverter.conversion_steps.O2MSteps:PipelineExecution:132 - Started step 1 validation - val1.
2025-06-25 14:40:15.862 | INFO     | myoconverter.conversion_steps.O2MStep1:vlt1_forwardKinematicsValidation:123 - Extract marker names (as endpoints) from osim model
2025-06-25 14:40:15.875 | INFO     | myoconverter.conversion_steps.O2MStep1:vlt1_forwardKinematicsValidation:145 - Get the endpoint locations by meshing the joint angles within the range limits
2025-06-25 14:40:17.046 | INFO     | myoconverter.conversion_steps.O2MStep1:vlt1_forwardKinematicsValidation:152 - Check if the joint motion ranges are the same between Osim and Mjc models
2025-06-25 14:40:17.048 | INFO     | myoconverter.conversion_steps.O2MStep1:vlt1_forwardKinematicsValidation:172 - Finished with joint operation range check. Saved Results
2025-06-25 14:40:17.050 | INFO     | myoconverter.conversion_steps.O2MStep1:endPointsPlot:180 - Plot each endpoint's location errors in x, y, z.
2025-06-25 14:40:17.051 | INFO     | myoconverter.conversion_steps.O2MStep1:endPointsPlot:192 - Endpoint : r_acromion
2025-06-25 14:40:17.213 | INFO     | myoconverter.conversion_steps.O2MStep1:endPointsPlot:192 - Endpoint : r_humerus_epicondyle
2025-06-25 14:40:17.355 | INFO     | myoconverter.conversion_steps.O2MStep1:endPointsPlot:192 - Endpoint : r_radius_styloid
2025-06-25 14:40:17.490 | INFO     | myoconverter.conversion_steps.O2MStep1:endPointsPlot:256 - Generate overall error Bar plot
2025-06-25 14:40:17.564 | INFO     | myoconverter.conversion_steps.O2MSteps:PipelineExecution:142 - Finished step 1 validation - val1.
2025-06-25 14:40:17.565 | INFO     | myoconverter.conversion_steps.O2MSteps:PipelineExecution:175 - xxx_cvt2 model does not exist, start from xxx_cvt1
2025-06-25 14:40:17.920 | INFO     | myoconverter.conversion_steps.O2MStep2:__init__:102 - Overwrite command confirmed
2025-06-25 14:40:17.921 | INFO     | myoconverter.conversion_steps.O2MStep2:__init__:103 - Generating MA data from OsimMuscleStates, may take a while
2025-06-25 14:40:17.923 | INFO     | myoconverter.optimization.model_states.OsimMuscleStates:getWrapingCoords:65 - Extract the joints that muscle wrapped over from Osim model
2025-06-25 14:40:17.949 | INFO     | myoconverter.optimization.model_states.OsimMuscleStates:getMomentArms:163 - Calculate moment arms from Osim model
2025-06-25 14:40:17.950 | INFO     | myoconverter.optimization.model_states.OsimMuscleStates:getMomentArms:168 - Muscle: TRIlong
2025-06-25 14:40:17.961 | INFO     | myoconverter.optimization.model_states.OsimMuscleStates:getMomentArms:168 - Muscle: TRIlat
2025-06-25 14:40:17.967 | INFO     | myoconverter.optimization.model_states.OsimMuscleStates:getMomentArms:168 - Muscle: TRImed
2025-06-25 14:40:17.972 | INFO     | myoconverter.optimization.model_states.OsimMuscleStates:getMomentArms:168 - Muscle: BIClong
2025-06-25 14:40:17.983 | INFO     | myoconverter.optimization.model_states.OsimMuscleStates:getMomentArms:168 - Muscle: BICshort
2025-06-25 14:40:17.994 | INFO     | myoconverter.optimization.model_states.OsimMuscleStates:getMomentArms:168 - Muscle: BRA
2025-06-25 14:40:18.057 | INFO     | myoconverter.conversion_steps.O2MStep2:__init__:173 - Finished cvt2 initialize
2025-06-25 14:40:18.059 | INFO     | myoconverter.conversion_steps.O2MSteps:PipelineExecution:198 - Started step 2 conversion - cvt2.
2025-06-25 14:40:18.060 | INFO     | myoconverter.conversion_steps.O2MStep2:optMomentArms:191 - Running MA optimization with the given muscle list one by one
2025-06-25 14:40:18.060 | INFO     | myoconverter.conversion_steps.O2MStep2:optMomentArms:195 - Muscle : TRIlong 
2025-06-25 14:40:18.079 | INFO     | myoconverter.conversion_steps.O2MStep2:optMomentArms:208 -     At joints: r_elbow_flex
2025-06-25 14:40:18.082 | INFO     | myoconverter.conversion_steps.O2MStep2:optMomentArms:227 -     Start MA optimization
2025-06-25 14:40:37.815 | INFO     | myoconverter.optimization.utils.UtilsLengthOpt:maOptPSO_cust:272 -         PSO iteration: 0 ; 0 percentage similarities; Best obj: 0.0
2025-06-25 14:40:37.827 | INFO     | myoconverter.optimization.utils.UtilsLengthOpt:maOptPSO_cust:272 -         PSO iteration: 1 ; 25 percentage similarities; Best obj: 0.0
2025-06-25 14:40:37.830 | INFO     | myoconverter.optimization.utils.UtilsLengthOpt:maOptPSO_cust:292 -         Break the optimization, since certain number of similar particles reached
2025-06-25 14:40:37.889 | INFO     | myoconverter.conversion_steps.O2MStep2:optMomentArms:208 -     At joints: r_shoulder_elev
2025-06-25 14:40:37.893 | INFO     | myoconverter.conversion_steps.O2MStep2:optMomentArms:227 -     Start MA optimization
2025-06-25 14:40:37.895 | INFO     | myoconverter.conversion_steps.O2MStep2:optMomentArms:231 -     No wrapping information extracted, skipped
2025-06-25 14:40:37.899 | INFO     | myoconverter.conversion_steps.O2MStep2:optMomentArms:195 - Muscle : TRIlat 
2025-06-25 14:40:37.910 | INFO     | myoconverter.conversion_steps.O2MStep2:optMomentArms:208 -     At joints: r_elbow_flex
2025-06-25 14:40:37.913 | INFO     | myoconverter.conversion_steps.O2MStep2:optMomentArms:220 -     MA errors between Osim and Mjc models are smaller than throshold, optimization skipped
2025-06-25 14:40:37.915 | INFO     | myoconverter.conversion_steps.O2MStep2:optMomentArms:195 - Muscle : TRImed 
2025-06-25 14:40:37.928 | INFO     | myoconverter.conversion_steps.O2MStep2:optMomentArms:208 -     At joints: r_elbow_flex
2025-06-25 14:40:37.932 | INFO     | myoconverter.conversion_steps.O2MStep2:optMomentArms:220 -     MA errors between Osim and Mjc models are smaller than throshold, optimization skipped
2025-06-25 14:40:37.935 | INFO     | myoconverter.conversion_steps.O2MStep2:optMomentArms:195 - Muscle : BIClong 
2025-06-25 14:40:37.947 | INFO     | myoconverter.conversion_steps.O2MStep2:optMomentArms:208 -     At joints: r_elbow_flex
2025-06-25 14:40:37.951 | INFO     | myoconverter.conversion_steps.O2MStep2:optMomentArms:220 -     MA errors between Osim and Mjc models are smaller than throshold, optimization skipped
2025-06-25 14:40:37.953 | INFO     | myoconverter.conversion_steps.O2MStep2:optMomentArms:208 -     At joints: r_shoulder_elev
2025-06-25 14:40:37.956 | INFO     | myoconverter.conversion_steps.O2MStep2:optMomentArms:227 -     Start MA optimization
2025-06-25 14:40:57.017 | INFO     | myoconverter.optimization.utils.UtilsLengthOpt:maOptPSO_cust:272 -         PSO iteration: 0 ; 0 percentage similarities; Best obj: 0.00487
2025-06-25 14:40:57.055 | INFO     | myoconverter.optimization.utils.UtilsLengthOpt:maOptPSO_cust:272 -         PSO iteration: 1 ; 2 percentage similarities; Best obj: 0.00487
2025-06-25 14:40:57.089 | INFO     | myoconverter.optimization.utils.UtilsLengthOpt:maOptPSO_cust:272 -         PSO iteration: 2 ; 2 percentage similarities; Best obj: 0.00487
2025-06-25 14:40:57.125 | INFO     | myoconverter.optimization.utils.UtilsLengthOpt:maOptPSO_cust:272 -         PSO iteration: 3 ; 3 percentage similarities; Best obj: 0.00487
2025-06-25 14:40:57.158 | INFO     | myoconverter.optimization.utils.UtilsLengthOpt:maOptPSO_cust:272 -         PSO iteration: 4 ; 3 percentage similarities; Best obj: 0.00414
2025-06-25 14:40:57.193 | INFO     | myoconverter.optimization.utils.UtilsLengthOpt:maOptPSO_cust:272 -         PSO iteration: 5 ; 2 percentage similarities; Best obj: 0.00228
2025-06-25 14:40:57.224 | INFO     | myoconverter.optimization.utils.UtilsLengthOpt:maOptPSO_cust:272 -         PSO iteration: 6 ; 2 percentage similarities; Best obj: 0.00228
2025-06-25 14:40:57.257 | INFO     | myoconverter.optimization.utils.UtilsLengthOpt:maOptPSO_cust:272 -         PSO iteration: 7 ; 2 percentage similarities; Best obj: 0.00228
2025-06-25 14:40:57.289 | INFO     | myoconverter.optimization.utils.UtilsLengthOpt:maOptPSO_cust:272 -         PSO iteration: 8 ; 2 percentage similarities; Best obj: 0.00169
2025-06-25 14:40:57.321 | INFO     | myoconverter.optimization.utils.UtilsLengthOpt:maOptPSO_cust:272 -         PSO iteration: 9 ; 2 percentage similarities; Best obj: 0.00169
2025-06-25 14:40:57.349 | INFO     | myoconverter.optimization.utils.UtilsLengthOpt:maOptPSO_cust:272 -         PSO iteration: 10 ; 2 percentage similarities; Best obj: 0.00169
2025-06-25 14:40:57.379 | INFO     | myoconverter.optimization.utils.UtilsLengthOpt:maOptPSO_cust:272 -         PSO iteration: 11 ; 2 percentage similarities; Best obj: 0.00169
2025-06-25 14:40:57.409 | INFO     | myoconverter.optimization.utils.UtilsLengthOpt:maOptPSO_cust:272 -         PSO iteration: 12 ; 2 percentage similarities; Best obj: 0.00167
2025-06-25 14:40:57.439 | INFO     | myoconverter.optimization.utils.UtilsLengthOpt:maOptPSO_cust:272 -         PSO iteration: 13 ; 3 percentage similarities; Best obj: 0.00167
2025-06-25 14:40:57.475 | INFO     | myoconverter.optimization.utils.UtilsLengthOpt:maOptPSO_cust:272 -         PSO iteration: 14 ; 2 percentage similarities; Best obj: 0.00154
2025-06-25 14:40:57.510 | INFO     | myoconverter.optimization.utils.UtilsLengthOpt:maOptPSO_cust:272 -         PSO iteration: 15 ; 2 percentage similarities; Best obj: 0.00154
2025-06-25 14:40:57.541 | INFO     | myoconverter.optimization.utils.UtilsLengthOpt:maOptPSO_cust:272 -         PSO iteration: 16 ; 2 percentage similarities; Best obj: 0.00154
2025-06-25 14:40:57.572 | INFO     | myoconverter.optimization.utils.UtilsLengthOpt:maOptPSO_cust:272 -         PSO iteration: 17 ; 3 percentage similarities; Best obj: 0.0015
2025-06-25 14:40:57.605 | INFO     | myoconverter.optimization.utils.UtilsLengthOpt:maOptPSO_cust:272 -         PSO iteration: 18 ; 2 percentage similarities; Best obj: 0.00149
2025-06-25 14:40:57.635 | INFO     | myoconverter.optimization.utils.UtilsLengthOpt:maOptPSO_cust:272 -         PSO iteration: 19 ; 2 percentage similarities; Best obj: 0.00149
2025-06-25 14:40:57.662 | INFO     | myoconverter.optimization.utils.UtilsLengthOpt:maOptPSO_cust:272 -         PSO iteration: 20 ; 2 percentage similarities; Best obj: 0.00149
2025-06-25 14:40:57.692 | INFO     | myoconverter.optimization.utils.UtilsLengthOpt:maOptPSO_cust:272 -         PSO iteration: 21 ; 3 percentage similarities; Best obj: 0.00148
2025-06-25 14:40:57.722 | INFO     | myoconverter.optimization.utils.UtilsLengthOpt:maOptPSO_cust:272 -         PSO iteration: 22 ; 3 percentage similarities; Best obj: 0.00148
2025-06-25 14:40:57.750 | INFO     | myoconverter.optimization.utils.UtilsLengthOpt:maOptPSO_cust:272 -         PSO iteration: 23 ; 17 percentage similarities; Best obj: 0.00148
2025-06-25 14:40:57.778 | INFO     | myoconverter.optimization.utils.UtilsLengthOpt:maOptPSO_cust:272 -         PSO iteration: 24 ; 23 percentage similarities; Best obj: 0.00148
2025-06-25 14:40:57.810 | INFO     | myoconverter.optimization.utils.UtilsLengthOpt:maOptPSO_cust:272 -         PSO iteration: 25 ; 27 percentage similarities; Best obj: 0.00148
2025-06-25 14:40:57.845 | INFO     | myoconverter.optimization.utils.UtilsLengthOpt:maOptPSO_cust:272 -         PSO iteration: 26 ; 27 percentage similarities; Best obj: 0.00148
2025-06-25 14:40:57.876 | INFO     | myoconverter.optimization.utils.UtilsLengthOpt:maOptPSO_cust:272 -         PSO iteration: 27 ; 28 percentage similarities; Best obj: 0.00147
2025-06-25 14:40:57.909 | INFO     | myoconverter.optimization.utils.UtilsLengthOpt:maOptPSO_cust:272 -         PSO iteration: 28 ; 33 percentage similarities; Best obj: 0.00147
2025-06-25 14:40:57.943 | INFO     | myoconverter.optimization.utils.UtilsLengthOpt:maOptPSO_cust:272 -         PSO iteration: 29 ; 35 percentage similarities; Best obj: 0.00147
2025-06-25 14:40:57.973 | INFO     | myoconverter.optimization.utils.UtilsLengthOpt:maOptPSO_cust:272 -         PSO iteration: 30 ; 37 percentage similarities; Best obj: 0.00147
2025-06-25 14:40:58.003 | INFO     | myoconverter.optimization.utils.UtilsLengthOpt:maOptPSO_cust:272 -         PSO iteration: 31 ; 38 percentage similarities; Best obj: 0.00147
2025-06-25 14:40:58.030 | INFO     | myoconverter.optimization.utils.UtilsLengthOpt:maOptPSO_cust:272 -         PSO iteration: 32 ; 42 percentage similarities; Best obj: 0.00147
2025-06-25 14:40:58.060 | INFO     | myoconverter.optimization.utils.UtilsLengthOpt:maOptPSO_cust:272 -         PSO iteration: 33 ; 48 percentage similarities; Best obj: 0.00147
2025-06-25 14:40:58.089 | INFO     | myoconverter.optimization.utils.UtilsLengthOpt:maOptPSO_cust:272 -         PSO iteration: 34 ; 48 percentage similarities; Best obj: 0.00147
2025-06-25 14:40:58.117 | INFO     | myoconverter.optimization.utils.UtilsLengthOpt:maOptPSO_cust:272 -         PSO iteration: 35 ; 50 percentage similarities; Best obj: 0.00147
2025-06-25 14:40:58.148 | INFO     | myoconverter.optimization.utils.UtilsLengthOpt:maOptPSO_cust:272 -         PSO iteration: 36 ; 50 percentage similarities; Best obj: 0.00147
2025-06-25 14:40:58.182 | INFO     | myoconverter.optimization.utils.UtilsLengthOpt:maOptPSO_cust:272 -         PSO iteration: 37 ; 50 percentage similarities; Best obj: 0.00147
2025-06-25 14:40:58.211 | INFO     | myoconverter.optimization.utils.UtilsLengthOpt:maOptPSO_cust:272 -         PSO iteration: 38 ; 50 percentage similarities; Best obj: 0.00147
2025-06-25 14:40:58.245 | INFO     | myoconverter.optimization.utils.UtilsLengthOpt:maOptPSO_cust:272 -         PSO iteration: 39 ; 50 percentage similarities; Best obj: 0.00147
2025-06-25 14:40:58.271 | INFO     | myoconverter.optimization.utils.UtilsLengthOpt:maOptPSO_cust:272 -         PSO iteration: 40 ; 50 percentage similarities; Best obj: 0.00147
2025-06-25 14:40:58.303 | INFO     | myoconverter.optimization.utils.UtilsLengthOpt:maOptPSO_cust:272 -         PSO iteration: 41 ; 50 percentage similarities; Best obj: 0.00147
2025-06-25 14:40:58.331 | INFO     | myoconverter.optimization.utils.UtilsLengthOpt:maOptPSO_cust:272 -         PSO iteration: 42 ; 50 percentage similarities; Best obj: 0.00147
2025-06-25 14:40:58.360 | INFO     | myoconverter.optimization.utils.UtilsLengthOpt:maOptPSO_cust:272 -         PSO iteration: 43 ; 50 percentage similarities; Best obj: 0.00147
2025-06-25 14:40:58.390 | INFO     | myoconverter.optimization.utils.UtilsLengthOpt:maOptPSO_cust:272 -         PSO iteration: 44 ; 50 percentage similarities; Best obj: 0.00147
2025-06-25 14:40:58.420 | INFO     | myoconverter.optimization.utils.UtilsLengthOpt:maOptPSO_cust:272 -         PSO iteration: 45 ; 50 percentage similarities; Best obj: 0.00147
2025-06-25 14:40:58.451 | INFO     | myoconverter.optimization.utils.UtilsLengthOpt:maOptPSO_cust:272 -         PSO iteration: 46 ; 50 percentage similarities; Best obj: 0.00147
2025-06-25 14:40:58.480 | INFO     | myoconverter.optimization.utils.UtilsLengthOpt:maOptPSO_cust:272 -         PSO iteration: 47 ; 50 percentage similarities; Best obj: 0.00147
2025-06-25 14:40:58.517 | INFO     | myoconverter.optimization.utils.UtilsLengthOpt:maOptPSO_cust:272 -         PSO iteration: 48 ; 50 percentage similarities; Best obj: 0.00147
2025-06-25 14:40:58.544 | INFO     | myoconverter.optimization.utils.UtilsLengthOpt:maOptPSO_cust:272 -         PSO iteration: 49 ; 50 percentage similarities; Best obj: 0.00147
2025-06-25 14:40:58.613 | INFO     | myoconverter.conversion_steps.O2MStep2:optMomentArms:195 - Muscle : BICshort 
2025-06-25 14:40:58.624 | INFO     | myoconverter.conversion_steps.O2MStep2:optMomentArms:208 -     At joints: r_elbow_flex
2025-06-25 14:40:58.627 | INFO     | myoconverter.conversion_steps.O2MStep2:optMomentArms:220 -     MA errors between Osim and Mjc models are smaller than throshold, optimization skipped
2025-06-25 14:40:58.628 | INFO     | myoconverter.conversion_steps.O2MStep2:optMomentArms:208 -     At joints: r_shoulder_elev
2025-06-25 14:40:58.629 | INFO     | myoconverter.conversion_steps.O2MStep2:optMomentArms:220 -     MA errors between Osim and Mjc models are smaller than throshold, optimization skipped
2025-06-25 14:40:58.632 | INFO     | myoconverter.conversion_steps.O2MStep2:optMomentArms:195 - Muscle : BRA 
2025-06-25 14:40:58.644 | INFO     | myoconverter.conversion_steps.O2MStep2:optMomentArms:208 -     At joints: r_elbow_flex
2025-06-25 14:40:58.647 | INFO     | myoconverter.conversion_steps.O2MStep2:optMomentArms:227 -     Start MA optimization
2025-06-25 14:41:18.348 | INFO     | myoconverter.optimization.utils.UtilsLengthOpt:maOptPSO_cust:272 -         PSO iteration: 0 ; 0 percentage similarities; Best obj: 7e-05
2025-06-25 14:41:18.365 | INFO     | myoconverter.optimization.utils.UtilsLengthOpt:maOptPSO_cust:272 -         PSO iteration: 1 ; 35 percentage similarities; Best obj: 7e-05
2025-06-25 14:41:18.370 | INFO     | myoconverter.optimization.utils.UtilsLengthOpt:maOptPSO_cust:292 -         Break the optimization, since certain number of similar particles reached
2025-06-25 14:41:18.443 | INFO     | myoconverter.conversion_steps.O2MSteps:PipelineExecution:200 - Finished step 2 conversion - cvt2.
2025-06-25 14:41:18.445 | INFO     | myoconverter.conversion_steps.O2MSteps:PipelineExecution:206 - Started step 2 validation - val2.
2025-06-25 14:41:21.062 | INFO     | myoconverter.conversion_steps.O2MSteps:PipelineExecution:208 - Finished step 2 validation - val2.
2025-06-25 14:41:21.064 | INFO     | myoconverter.conversion_steps.O2MSteps:PipelineExecution:237 - xxx_cvt3 model does not exist, start from xxx_cvt2
2025-06-25 14:41:21.612 | INFO     | myoconverter.conversion_steps.O2MStep3:__init__:96 - Overwrite command confirmed
2025-06-25 14:41:21.615 | INFO     | myoconverter.conversion_steps.O2MStep3:__init__:97 - Generating force map data from OsimMuscleStates, may take a while
2025-06-25 14:41:21.617 | INFO     | myoconverter.optimization.model_states.OsimMuscleStates:getWrapingCoords:65 - Extract the joints that muscle wrapped over from Osim model
2025-06-25 14:41:21.663 | INFO     | myoconverter.optimization.model_states.OsimMuscleStates:getMuscleForceMaps:267 - Calculate muscle force curves from Osim model
2025-06-25 14:41:21.666 | INFO     | myoconverter.optimization.model_states.OsimMuscleStates:getMuscleForceMaps:272 - Muscle: TRIlong
2025-06-25 14:41:21.698 | INFO     | myoconverter.optimization.model_states.OsimMuscleStates:getMuscleForceMaps:272 - Muscle: TRIlat
2025-06-25 14:41:21.713 | INFO     | myoconverter.optimization.model_states.OsimMuscleStates:getMuscleForceMaps:272 - Muscle: TRImed
2025-06-25 14:41:21.731 | INFO     | myoconverter.optimization.model_states.OsimMuscleStates:getMuscleForceMaps:272 - Muscle: BIClong
2025-06-25 14:41:21.747 | INFO     | myoconverter.optimization.model_states.OsimMuscleStates:getMuscleForceMaps:272 - Muscle: BICshort
2025-06-25 14:41:21.770 | INFO     | myoconverter.optimization.model_states.OsimMuscleStates:getMuscleForceMaps:272 - Muscle: BRA
2025-06-25 14:41:21.861 | INFO     | myoconverter.conversion_steps.O2MStep3:__init__:195 - Finished cvt3 initialize ...
2025-06-25 14:41:21.864 | INFO     | myoconverter.conversion_steps.O2MSteps:PipelineExecution:260 - Started step 3 conversion - cvt3.
2025-06-25 14:41:21.867 | INFO     | myoconverter.conversion_steps.O2MStep3:optMuscleForce:208 - Running MF optimization with the given muscle list one by one
2025-06-25 14:41:21.890 | INFO     | myoconverter.conversion_steps.O2MStep3:optMuscleForce:273 - Muscle : TRIlong 
2025-06-25 14:41:41.805 | INFO     | myoconverter.optimization.utils.UtilsForceOpt:fmOptPSO_cust:189 -         PSO iteration: 0 ; 0 percentage similarities; Best obj: 0.26385
2025-06-25 14:41:41.833 | INFO     | myoconverter.optimization.utils.UtilsForceOpt:fmOptPSO_cust:189 -         PSO iteration: 1 ; 1 percentage similarities; Best obj: 0.26385
2025-06-25 14:41:41.855 | INFO     | myoconverter.optimization.utils.UtilsForceOpt:fmOptPSO_cust:189 -         PSO iteration: 2 ; 1 percentage similarities; Best obj: 0.26385
2025-06-25 14:41:41.880 | INFO     | myoconverter.optimization.utils.UtilsForceOpt:fmOptPSO_cust:189 -         PSO iteration: 3 ; 1 percentage similarities; Best obj: 0.26138
2025-06-25 14:41:41.903 | INFO     | myoconverter.optimization.utils.UtilsForceOpt:fmOptPSO_cust:189 -         PSO iteration: 4 ; 2 percentage similarities; Best obj: 0.21394
2025-06-25 14:41:41.926 | INFO     | myoconverter.optimization.utils.UtilsForceOpt:fmOptPSO_cust:189 -         PSO iteration: 5 ; 1 percentage similarities; Best obj: 0.21394
2025-06-25 14:41:41.949 | INFO     | myoconverter.optimization.utils.UtilsForceOpt:fmOptPSO_cust:189 -         PSO iteration: 6 ; 1 percentage similarities; Best obj: 0.21394
2025-06-25 14:41:41.974 | INFO     | myoconverter.optimization.utils.UtilsForceOpt:fmOptPSO_cust:189 -         PSO iteration: 7 ; 1 percentage similarities; Best obj: 0.21394
2025-06-25 14:41:41.998 | INFO     | myoconverter.optimization.utils.UtilsForceOpt:fmOptPSO_cust:189 -         PSO iteration: 8 ; 1 percentage similarities; Best obj: 0.20945
2025-06-25 14:41:42.024 | INFO     | myoconverter.optimization.utils.UtilsForceOpt:fmOptPSO_cust:189 -         PSO iteration: 9 ; 1 percentage similarities; Best obj: 0.20785
2025-06-25 14:41:42.048 | INFO     | myoconverter.optimization.utils.UtilsForceOpt:fmOptPSO_cust:189 -         PSO iteration: 10 ; 4 percentage similarities; Best obj: 0.20522
2025-06-25 14:41:42.072 | INFO     | myoconverter.optimization.utils.UtilsForceOpt:fmOptPSO_cust:189 -         PSO iteration: 11 ; 2 percentage similarities; Best obj: 0.2047
2025-06-25 14:41:42.096 | INFO     | myoconverter.optimization.utils.UtilsForceOpt:fmOptPSO_cust:189 -         PSO iteration: 12 ; 5 percentage similarities; Best obj: 0.20459
2025-06-25 14:41:42.119 | INFO     | myoconverter.optimization.utils.UtilsForceOpt:fmOptPSO_cust:189 -         PSO iteration: 13 ; 6 percentage similarities; Best obj: 0.20436
2025-06-25 14:41:42.141 | INFO     | myoconverter.optimization.utils.UtilsForceOpt:fmOptPSO_cust:189 -         PSO iteration: 14 ; 8 percentage similarities; Best obj: 0.20386
2025-06-25 14:41:42.164 | INFO     | myoconverter.optimization.utils.UtilsForceOpt:fmOptPSO_cust:189 -         PSO iteration: 15 ; 15 percentage similarities; Best obj: 0.20362
2025-06-25 14:41:42.188 | INFO     | myoconverter.optimization.utils.UtilsForceOpt:fmOptPSO_cust:189 -         PSO iteration: 16 ; 16 percentage similarities; Best obj: 0.20354
2025-06-25 14:41:42.212 | INFO     | myoconverter.optimization.utils.UtilsForceOpt:fmOptPSO_cust:189 -         PSO iteration: 17 ; 29 percentage similarities; Best obj: 0.20339
2025-06-25 14:41:42.237 | INFO     | myoconverter.optimization.utils.UtilsForceOpt:fmOptPSO_cust:189 -         PSO iteration: 18 ; 34 percentage similarities; Best obj: 0.20308
2025-06-25 14:41:42.259 | INFO     | myoconverter.optimization.utils.UtilsForceOpt:fmOptPSO_cust:189 -         PSO iteration: 19 ; 39 percentage similarities; Best obj: 0.203
2025-06-25 14:41:42.283 | INFO     | myoconverter.optimization.utils.UtilsForceOpt:fmOptPSO_cust:189 -         PSO iteration: 20 ; 42 percentage similarities; Best obj: 0.20298
2025-06-25 14:41:42.307 | INFO     | myoconverter.optimization.utils.UtilsForceOpt:fmOptPSO_cust:189 -         PSO iteration: 21 ; 44 percentage similarities; Best obj: 0.20298
2025-06-25 14:41:42.308 | INFO     | myoconverter.optimization.utils.UtilsForceOpt:fmOptPSO_cust:197 -         Break the optimization, since certain number of similar particles reached
2025-06-25 14:41:42.379 | INFO     | myoconverter.conversion_steps.O2MStep3:optMuscleForce:273 - Muscle : TRIlat 
2025-06-25 14:42:02.213 | INFO     | myoconverter.optimization.utils.UtilsForceOpt:fmOptPSO_cust:189 -         PSO iteration: 0 ; 0 percentage similarities; Best obj: 0.04957
2025-06-25 14:42:02.239 | INFO     | myoconverter.optimization.utils.UtilsForceOpt:fmOptPSO_cust:189 -         PSO iteration: 1 ; 1 percentage similarities; Best obj: 0.04957
2025-06-25 14:42:02.265 | INFO     | myoconverter.optimization.utils.UtilsForceOpt:fmOptPSO_cust:189 -         PSO iteration: 2 ; 1 percentage similarities; Best obj: 0.04803
2025-06-25 14:42:02.285 | INFO     | myoconverter.optimization.utils.UtilsForceOpt:fmOptPSO_cust:189 -         PSO iteration: 3 ; 1 percentage similarities; Best obj: 0.04803
2025-06-25 14:42:02.310 | INFO     | myoconverter.optimization.utils.UtilsForceOpt:fmOptPSO_cust:189 -         PSO iteration: 4 ; 1 percentage similarities; Best obj: 0.04455
2025-06-25 14:42:02.332 | INFO     | myoconverter.optimization.utils.UtilsForceOpt:fmOptPSO_cust:189 -         PSO iteration: 5 ; 1 percentage similarities; Best obj: 0.03714
2025-06-25 14:42:02.357 | INFO     | myoconverter.optimization.utils.UtilsForceOpt:fmOptPSO_cust:189 -         PSO iteration: 6 ; 1 percentage similarities; Best obj: 0.03466
2025-06-25 14:42:02.380 | INFO     | myoconverter.optimization.utils.UtilsForceOpt:fmOptPSO_cust:189 -         PSO iteration: 7 ; 1 percentage similarities; Best obj: 0.03045
2025-06-25 14:42:02.402 | INFO     | myoconverter.optimization.utils.UtilsForceOpt:fmOptPSO_cust:189 -         PSO iteration: 8 ; 1 percentage similarities; Best obj: 0.02959
2025-06-25 14:42:02.428 | INFO     | myoconverter.optimization.utils.UtilsForceOpt:fmOptPSO_cust:189 -         PSO iteration: 9 ; 1 percentage similarities; Best obj: 0.02941
2025-06-25 14:42:02.450 | INFO     | myoconverter.optimization.utils.UtilsForceOpt:fmOptPSO_cust:189 -         PSO iteration: 10 ; 1 percentage similarities; Best obj: 0.02937
2025-06-25 14:42:02.476 | INFO     | myoconverter.optimization.utils.UtilsForceOpt:fmOptPSO_cust:189 -         PSO iteration: 11 ; 2 percentage similarities; Best obj: 0.0284
2025-06-25 14:42:02.499 | INFO     | myoconverter.optimization.utils.UtilsForceOpt:fmOptPSO_cust:189 -         PSO iteration: 12 ; 1 percentage similarities; Best obj: 0.02825
2025-06-25 14:42:02.524 | INFO     | myoconverter.optimization.utils.UtilsForceOpt:fmOptPSO_cust:189 -         PSO iteration: 13 ; 2 percentage similarities; Best obj: 0.02782
2025-06-25 14:42:02.549 | INFO     | myoconverter.optimization.utils.UtilsForceOpt:fmOptPSO_cust:189 -         PSO iteration: 14 ; 2 percentage similarities; Best obj: 0.0276
2025-06-25 14:42:02.573 | INFO     | myoconverter.optimization.utils.UtilsForceOpt:fmOptPSO_cust:189 -         PSO iteration: 15 ; 2 percentage similarities; Best obj: 0.02689
2025-06-25 14:42:02.599 | INFO     | myoconverter.optimization.utils.UtilsForceOpt:fmOptPSO_cust:189 -         PSO iteration: 16 ; 1 percentage similarities; Best obj: 0.02676
2025-06-25 14:42:02.624 | INFO     | myoconverter.optimization.utils.UtilsForceOpt:fmOptPSO_cust:189 -         PSO iteration: 17 ; 2 percentage similarities; Best obj: 0.02673
2025-06-25 14:42:02.649 | INFO     | myoconverter.optimization.utils.UtilsForceOpt:fmOptPSO_cust:189 -         PSO iteration: 18 ; 4 percentage similarities; Best obj: 0.02672
2025-06-25 14:42:02.679 | INFO     | myoconverter.optimization.utils.UtilsForceOpt:fmOptPSO_cust:189 -         PSO iteration: 19 ; 8 percentage similarities; Best obj: 0.02672
2025-06-25 14:42:02.703 | INFO     | myoconverter.optimization.utils.UtilsForceOpt:fmOptPSO_cust:189 -         PSO iteration: 20 ; 8 percentage similarities; Best obj: 0.02672
2025-06-25 14:42:02.730 | INFO     | myoconverter.optimization.utils.UtilsForceOpt:fmOptPSO_cust:189 -         PSO iteration: 21 ; 9 percentage similarities; Best obj: 0.02659
2025-06-25 14:42:02.755 | INFO     | myoconverter.optimization.utils.UtilsForceOpt:fmOptPSO_cust:189 -         PSO iteration: 22 ; 9 percentage similarities; Best obj: 0.02657
2025-06-25 14:42:02.778 | INFO     | myoconverter.optimization.utils.UtilsForceOpt:fmOptPSO_cust:189 -         PSO iteration: 23 ; 19 percentage similarities; Best obj: 0.02656
2025-06-25 14:42:02.802 | INFO     | myoconverter.optimization.utils.UtilsForceOpt:fmOptPSO_cust:189 -         PSO iteration: 24 ; 30 percentage similarities; Best obj: 0.02655
2025-06-25 14:42:02.829 | INFO     | myoconverter.optimization.utils.UtilsForceOpt:fmOptPSO_cust:189 -         PSO iteration: 25 ; 41 percentage similarities; Best obj: 0.02654
2025-06-25 14:42:02.831 | INFO     | myoconverter.optimization.utils.UtilsForceOpt:fmOptPSO_cust:197 -         Break the optimization, since certain number of similar particles reached
2025-06-25 14:42:02.908 | INFO     | myoconverter.conversion_steps.O2MStep3:optMuscleForce:273 - Muscle : TRImed 
2025-06-25 14:42:22.505 | INFO     | myoconverter.optimization.utils.UtilsForceOpt:fmOptPSO_cust:189 -         PSO iteration: 0 ; 0 percentage similarities; Best obj: 0.10852
2025-06-25 14:42:22.533 | INFO     | myoconverter.optimization.utils.UtilsForceOpt:fmOptPSO_cust:189 -         PSO iteration: 1 ; 1 percentage similarities; Best obj: 0.10635
2025-06-25 14:42:22.562 | INFO     | myoconverter.optimization.utils.UtilsForceOpt:fmOptPSO_cust:189 -         PSO iteration: 2 ; 1 percentage similarities; Best obj: 0.06896
2025-06-25 14:42:22.586 | INFO     | myoconverter.optimization.utils.UtilsForceOpt:fmOptPSO_cust:189 -         PSO iteration: 3 ; 1 percentage similarities; Best obj: 0.05098
2025-06-25 14:42:22.615 | INFO     | myoconverter.optimization.utils.UtilsForceOpt:fmOptPSO_cust:189 -         PSO iteration: 4 ; 1 percentage similarities; Best obj: 0.03976
2025-06-25 14:42:22.638 | INFO     | myoconverter.optimization.utils.UtilsForceOpt:fmOptPSO_cust:189 -         PSO iteration: 5 ; 1 percentage similarities; Best obj: 0.03748
2025-06-25 14:42:22.663 | INFO     | myoconverter.optimization.utils.UtilsForceOpt:fmOptPSO_cust:189 -         PSO iteration: 6 ; 1 percentage similarities; Best obj: 0.03695
2025-06-25 14:42:22.686 | INFO     | myoconverter.optimization.utils.UtilsForceOpt:fmOptPSO_cust:189 -         PSO iteration: 7 ; 1 percentage similarities; Best obj: 0.0361
2025-06-25 14:42:22.712 | INFO     | myoconverter.optimization.utils.UtilsForceOpt:fmOptPSO_cust:189 -         PSO iteration: 8 ; 1 percentage similarities; Best obj: 0.03436
2025-06-25 14:42:22.737 | INFO     | myoconverter.optimization.utils.UtilsForceOpt:fmOptPSO_cust:189 -         PSO iteration: 9 ; 1 percentage similarities; Best obj: 0.03344
2025-06-25 14:42:22.766 | INFO     | myoconverter.optimization.utils.UtilsForceOpt:fmOptPSO_cust:189 -         PSO iteration: 10 ; 1 percentage similarities; Best obj: 0.03237
2025-06-25 14:42:22.792 | INFO     | myoconverter.optimization.utils.UtilsForceOpt:fmOptPSO_cust:189 -         PSO iteration: 11 ; 1 percentage similarities; Best obj: 0.03197
2025-06-25 14:42:22.844 | INFO     | myoconverter.optimization.utils.UtilsForceOpt:fmOptPSO_cust:189 -         PSO iteration: 12 ; 2 percentage similarities; Best obj: 0.03189
2025-06-25 14:42:22.877 | INFO     | myoconverter.optimization.utils.UtilsForceOpt:fmOptPSO_cust:189 -         PSO iteration: 13 ; 4 percentage similarities; Best obj: 0.03134
2025-06-25 14:42:22.903 | INFO     | myoconverter.optimization.utils.UtilsForceOpt:fmOptPSO_cust:189 -         PSO iteration: 14 ; 1 percentage similarities; Best obj: 0.03121
2025-06-25 14:42:22.931 | INFO     | myoconverter.optimization.utils.UtilsForceOpt:fmOptPSO_cust:189 -         PSO iteration: 15 ; 2 percentage similarities; Best obj: 0.03098
2025-06-25 14:42:22.961 | INFO     | myoconverter.optimization.utils.UtilsForceOpt:fmOptPSO_cust:189 -         PSO iteration: 16 ; 4 percentage similarities; Best obj: 0.03071
2025-06-25 14:42:22.988 | INFO     | myoconverter.optimization.utils.UtilsForceOpt:fmOptPSO_cust:189 -         PSO iteration: 17 ; 9 percentage similarities; Best obj: 0.03057
2025-06-25 14:42:23.022 | INFO     | myoconverter.optimization.utils.UtilsForceOpt:fmOptPSO_cust:189 -         PSO iteration: 18 ; 20 percentage similarities; Best obj: 0.03054
2025-06-25 14:42:23.057 | INFO     | myoconverter.optimization.utils.UtilsForceOpt:fmOptPSO_cust:189 -         PSO iteration: 19 ; 21 percentage similarities; Best obj: 0.03053
2025-06-25 14:42:23.091 | INFO     | myoconverter.optimization.utils.UtilsForceOpt:fmOptPSO_cust:189 -         PSO iteration: 20 ; 26 percentage similarities; Best obj: 0.03049
2025-06-25 14:42:23.129 | INFO     | myoconverter.optimization.utils.UtilsForceOpt:fmOptPSO_cust:189 -         PSO iteration: 21 ; 31 percentage similarities; Best obj: 0.03044
2025-06-25 14:42:23.131 | INFO     | myoconverter.optimization.utils.UtilsForceOpt:fmOptPSO_cust:197 -         Break the optimization, since certain number of similar particles reached
2025-06-25 14:42:23.246 | INFO     | myoconverter.conversion_steps.O2MStep3:optMuscleForce:273 - Muscle : BIClong 
2025-06-25 14:42:43.307 | INFO     | myoconverter.optimization.utils.UtilsForceOpt:fmOptPSO_cust:189 -         PSO iteration: 0 ; 0 percentage similarities; Best obj: 0.08622
2025-06-25 14:42:43.331 | INFO     | myoconverter.optimization.utils.UtilsForceOpt:fmOptPSO_cust:189 -         PSO iteration: 1 ; 1 percentage similarities; Best obj: 0.08622
2025-06-25 14:42:43.358 | INFO     | myoconverter.optimization.utils.UtilsForceOpt:fmOptPSO_cust:189 -         PSO iteration: 2 ; 2 percentage similarities; Best obj: 0.08622
2025-06-25 14:42:43.382 | INFO     | myoconverter.optimization.utils.UtilsForceOpt:fmOptPSO_cust:189 -         PSO iteration: 3 ; 2 percentage similarities; Best obj: 0.06596
2025-06-25 14:42:43.407 | INFO     | myoconverter.optimization.utils.UtilsForceOpt:fmOptPSO_cust:189 -         PSO iteration: 4 ; 1 percentage similarities; Best obj: 0.0567
2025-06-25 14:42:43.433 | INFO     | myoconverter.optimization.utils.UtilsForceOpt:fmOptPSO_cust:189 -         PSO iteration: 5 ; 1 percentage similarities; Best obj: 0.05277
2025-06-25 14:42:43.459 | INFO     | myoconverter.optimization.utils.UtilsForceOpt:fmOptPSO_cust:189 -         PSO iteration: 6 ; 1 percentage similarities; Best obj: 0.04465
2025-06-25 14:42:43.486 | INFO     | myoconverter.optimization.utils.UtilsForceOpt:fmOptPSO_cust:189 -         PSO iteration: 7 ; 1 percentage similarities; Best obj: 0.04051
2025-06-25 14:42:43.513 | INFO     | myoconverter.optimization.utils.UtilsForceOpt:fmOptPSO_cust:189 -         PSO iteration: 8 ; 1 percentage similarities; Best obj: 0.03848
2025-06-25 14:42:43.541 | INFO     | myoconverter.optimization.utils.UtilsForceOpt:fmOptPSO_cust:189 -         PSO iteration: 9 ; 1 percentage similarities; Best obj: 0.03749
2025-06-25 14:42:43.570 | INFO     | myoconverter.optimization.utils.UtilsForceOpt:fmOptPSO_cust:189 -         PSO iteration: 10 ; 1 percentage similarities; Best obj: 0.03553
2025-06-25 14:42:43.599 | INFO     | myoconverter.optimization.utils.UtilsForceOpt:fmOptPSO_cust:189 -         PSO iteration: 11 ; 1 percentage similarities; Best obj: 0.03456
2025-06-25 14:42:43.627 | INFO     | myoconverter.optimization.utils.UtilsForceOpt:fmOptPSO_cust:189 -         PSO iteration: 12 ; 2 percentage similarities; Best obj: 0.03333
2025-06-25 14:42:43.657 | INFO     | myoconverter.optimization.utils.UtilsForceOpt:fmOptPSO_cust:189 -         PSO iteration: 13 ; 1 percentage similarities; Best obj: 0.03315
2025-06-25 14:42:43.691 | INFO     | myoconverter.optimization.utils.UtilsForceOpt:fmOptPSO_cust:189 -         PSO iteration: 14 ; 2 percentage similarities; Best obj: 0.03312
2025-06-25 14:42:43.719 | INFO     | myoconverter.optimization.utils.UtilsForceOpt:fmOptPSO_cust:189 -         PSO iteration: 15 ; 4 percentage similarities; Best obj: 0.03312
2025-06-25 14:42:43.754 | INFO     | myoconverter.optimization.utils.UtilsForceOpt:fmOptPSO_cust:189 -         PSO iteration: 16 ; 6 percentage similarities; Best obj: 0.03312
2025-06-25 14:42:43.784 | INFO     | myoconverter.optimization.utils.UtilsForceOpt:fmOptPSO_cust:189 -         PSO iteration: 17 ; 8 percentage similarities; Best obj: 0.03303
2025-06-25 14:42:43.816 | INFO     | myoconverter.optimization.utils.UtilsForceOpt:fmOptPSO_cust:189 -         PSO iteration: 18 ; 10 percentage similarities; Best obj: 0.03301
2025-06-25 14:42:43.847 | INFO     | myoconverter.optimization.utils.UtilsForceOpt:fmOptPSO_cust:189 -         PSO iteration: 19 ; 10 percentage similarities; Best obj: 0.03301
2025-06-25 14:42:43.881 | INFO     | myoconverter.optimization.utils.UtilsForceOpt:fmOptPSO_cust:189 -         PSO iteration: 20 ; 21 percentage similarities; Best obj: 0.033
2025-06-25 14:42:43.917 | INFO     | myoconverter.optimization.utils.UtilsForceOpt:fmOptPSO_cust:189 -         PSO iteration: 21 ; 34 percentage similarities; Best obj: 0.03296
2025-06-25 14:42:43.951 | INFO     | myoconverter.optimization.utils.UtilsForceOpt:fmOptPSO_cust:189 -         PSO iteration: 22 ; 41 percentage similarities; Best obj: 0.03294
2025-06-25 14:42:43.954 | INFO     | myoconverter.optimization.utils.UtilsForceOpt:fmOptPSO_cust:197 -         Break the optimization, since certain number of similar particles reached
2025-06-25 14:42:44.052 | INFO     | myoconverter.conversion_steps.O2MStep3:optMuscleForce:273 - Muscle : BICshort 
2025-06-25 14:43:05.309 | INFO     | myoconverter.optimization.utils.UtilsForceOpt:fmOptPSO_cust:189 -         PSO iteration: 0 ; 0 percentage similarities; Best obj: 0.08088
2025-06-25 14:43:05.347 | INFO     | myoconverter.optimization.utils.UtilsForceOpt:fmOptPSO_cust:189 -         PSO iteration: 1 ; 1 percentage similarities; Best obj: 0.08088
2025-06-25 14:43:05.379 | INFO     | myoconverter.optimization.utils.UtilsForceOpt:fmOptPSO_cust:189 -         PSO iteration: 2 ; 1 percentage similarities; Best obj: 0.08088
2025-06-25 14:43:05.411 | INFO     | myoconverter.optimization.utils.UtilsForceOpt:fmOptPSO_cust:189 -         PSO iteration: 3 ; 1 percentage similarities; Best obj: 0.08088
2025-06-25 14:43:05.444 | INFO     | myoconverter.optimization.utils.UtilsForceOpt:fmOptPSO_cust:189 -         PSO iteration: 4 ; 1 percentage similarities; Best obj: 0.08088
2025-06-25 14:43:05.475 | INFO     | myoconverter.optimization.utils.UtilsForceOpt:fmOptPSO_cust:189 -         PSO iteration: 5 ; 1 percentage similarities; Best obj: 0.07692
2025-06-25 14:43:05.509 | INFO     | myoconverter.optimization.utils.UtilsForceOpt:fmOptPSO_cust:189 -         PSO iteration: 6 ; 1 percentage similarities; Best obj: 0.06247
2025-06-25 14:43:05.542 | INFO     | myoconverter.optimization.utils.UtilsForceOpt:fmOptPSO_cust:189 -         PSO iteration: 7 ; 1 percentage similarities; Best obj: 0.0591
2025-06-25 14:43:05.581 | INFO     | myoconverter.optimization.utils.UtilsForceOpt:fmOptPSO_cust:189 -         PSO iteration: 8 ; 2 percentage similarities; Best obj: 0.05563
2025-06-25 14:43:05.617 | INFO     | myoconverter.optimization.utils.UtilsForceOpt:fmOptPSO_cust:189 -         PSO iteration: 9 ; 1 percentage similarities; Best obj: 0.05505
2025-06-25 14:43:05.654 | INFO     | myoconverter.optimization.utils.UtilsForceOpt:fmOptPSO_cust:189 -         PSO iteration: 10 ; 2 percentage similarities; Best obj: 0.05399
2025-06-25 14:43:05.695 | INFO     | myoconverter.optimization.utils.UtilsForceOpt:fmOptPSO_cust:189 -         PSO iteration: 11 ; 1 percentage similarities; Best obj: 0.05379
2025-06-25 14:43:05.734 | INFO     | myoconverter.optimization.utils.UtilsForceOpt:fmOptPSO_cust:189 -         PSO iteration: 12 ; 2 percentage similarities; Best obj: 0.05375
2025-06-25 14:43:05.771 | INFO     | myoconverter.optimization.utils.UtilsForceOpt:fmOptPSO_cust:189 -         PSO iteration: 13 ; 2 percentage similarities; Best obj: 0.05354
2025-06-25 14:43:05.814 | INFO     | myoconverter.optimization.utils.UtilsForceOpt:fmOptPSO_cust:189 -         PSO iteration: 14 ; 5 percentage similarities; Best obj: 0.05347
2025-06-25 14:43:05.852 | INFO     | myoconverter.optimization.utils.UtilsForceOpt:fmOptPSO_cust:189 -         PSO iteration: 15 ; 5 percentage similarities; Best obj: 0.05345
2025-06-25 14:43:05.890 | INFO     | myoconverter.optimization.utils.UtilsForceOpt:fmOptPSO_cust:189 -         PSO iteration: 16 ; 5 percentage similarities; Best obj: 0.05319
2025-06-25 14:43:05.937 | INFO     | myoconverter.optimization.utils.UtilsForceOpt:fmOptPSO_cust:189 -         PSO iteration: 17 ; 6 percentage similarities; Best obj: 0.05309
2025-06-25 14:43:05.979 | INFO     | myoconverter.optimization.utils.UtilsForceOpt:fmOptPSO_cust:189 -         PSO iteration: 18 ; 11 percentage similarities; Best obj: 0.05306
2025-06-25 14:43:06.015 | INFO     | myoconverter.optimization.utils.UtilsForceOpt:fmOptPSO_cust:189 -         PSO iteration: 19 ; 16 percentage similarities; Best obj: 0.05305
2025-06-25 14:43:06.056 | INFO     | myoconverter.optimization.utils.UtilsForceOpt:fmOptPSO_cust:189 -         PSO iteration: 20 ; 16 percentage similarities; Best obj: 0.05305
2025-06-25 14:43:06.093 | INFO     | myoconverter.optimization.utils.UtilsForceOpt:fmOptPSO_cust:189 -         PSO iteration: 21 ; 22 percentage similarities; Best obj: 0.05301
2025-06-25 14:43:06.134 | INFO     | myoconverter.optimization.utils.UtilsForceOpt:fmOptPSO_cust:189 -         PSO iteration: 22 ; 28 percentage similarities; Best obj: 0.053
2025-06-25 14:43:06.177 | INFO     | myoconverter.optimization.utils.UtilsForceOpt:fmOptPSO_cust:189 -         PSO iteration: 23 ; 34 percentage similarities; Best obj: 0.05294
2025-06-25 14:43:06.180 | INFO     | myoconverter.optimization.utils.UtilsForceOpt:fmOptPSO_cust:197 -         Break the optimization, since certain number of similar particles reached
2025-06-25 14:43:06.275 | INFO     | myoconverter.conversion_steps.O2MStep3:optMuscleForce:273 - Muscle : BRA 
2025-06-25 14:43:27.195 | INFO     | myoconverter.optimization.utils.UtilsForceOpt:fmOptPSO_cust:189 -         PSO iteration: 0 ; 0 percentage similarities; Best obj: 0.01861
2025-06-25 14:43:27.226 | INFO     | myoconverter.optimization.utils.UtilsForceOpt:fmOptPSO_cust:189 -         PSO iteration: 1 ; 1 percentage similarities; Best obj: 0.01861
2025-06-25 14:43:27.256 | INFO     | myoconverter.optimization.utils.UtilsForceOpt:fmOptPSO_cust:189 -         PSO iteration: 2 ; 1 percentage similarities; Best obj: 0.01861
2025-06-25 14:43:27.285 | INFO     | myoconverter.optimization.utils.UtilsForceOpt:fmOptPSO_cust:189 -         PSO iteration: 3 ; 1 percentage similarities; Best obj: 0.01861
2025-06-25 14:43:27.318 | INFO     | myoconverter.optimization.utils.UtilsForceOpt:fmOptPSO_cust:189 -         PSO iteration: 4 ; 1 percentage similarities; Best obj: 0.01861
2025-06-25 14:43:27.348 | INFO     | myoconverter.optimization.utils.UtilsForceOpt:fmOptPSO_cust:189 -         PSO iteration: 5 ; 1 percentage similarities; Best obj: 0.01861
2025-06-25 14:43:27.378 | INFO     | myoconverter.optimization.utils.UtilsForceOpt:fmOptPSO_cust:189 -         PSO iteration: 6 ; 1 percentage similarities; Best obj: 0.01614
2025-06-25 14:43:27.414 | INFO     | myoconverter.optimization.utils.UtilsForceOpt:fmOptPSO_cust:189 -         PSO iteration: 7 ; 1 percentage similarities; Best obj: 0.01541
2025-06-25 14:43:27.445 | INFO     | myoconverter.optimization.utils.UtilsForceOpt:fmOptPSO_cust:189 -         PSO iteration: 8 ; 1 percentage similarities; Best obj: 0.01299
2025-06-25 14:43:27.476 | INFO     | myoconverter.optimization.utils.UtilsForceOpt:fmOptPSO_cust:189 -         PSO iteration: 9 ; 2 percentage similarities; Best obj: 0.00967
2025-06-25 14:43:27.514 | INFO     | myoconverter.optimization.utils.UtilsForceOpt:fmOptPSO_cust:189 -         PSO iteration: 10 ; 1 percentage similarities; Best obj: 0.00898
2025-06-25 14:43:27.546 | INFO     | myoconverter.optimization.utils.UtilsForceOpt:fmOptPSO_cust:189 -         PSO iteration: 11 ; 1 percentage similarities; Best obj: 0.00826
2025-06-25 14:43:27.577 | INFO     | myoconverter.optimization.utils.UtilsForceOpt:fmOptPSO_cust:189 -         PSO iteration: 12 ; 2 percentage similarities; Best obj: 0.00776
2025-06-25 14:43:27.609 | INFO     | myoconverter.optimization.utils.UtilsForceOpt:fmOptPSO_cust:189 -         PSO iteration: 13 ; 1 percentage similarities; Best obj: 0.00739
2025-06-25 14:43:27.642 | INFO     | myoconverter.optimization.utils.UtilsForceOpt:fmOptPSO_cust:189 -         PSO iteration: 14 ; 1 percentage similarities; Best obj: 0.00729
2025-06-25 14:43:27.677 | INFO     | myoconverter.optimization.utils.UtilsForceOpt:fmOptPSO_cust:189 -         PSO iteration: 15 ; 1 percentage similarities; Best obj: 0.00727
2025-06-25 14:43:27.710 | INFO     | myoconverter.optimization.utils.UtilsForceOpt:fmOptPSO_cust:189 -         PSO iteration: 16 ; 4 percentage similarities; Best obj: 0.00697
2025-06-25 14:43:27.747 | INFO     | myoconverter.optimization.utils.UtilsForceOpt:fmOptPSO_cust:189 -         PSO iteration: 17 ; 1 percentage similarities; Best obj: 0.00692
2025-06-25 14:43:27.786 | INFO     | myoconverter.optimization.utils.UtilsForceOpt:fmOptPSO_cust:189 -         PSO iteration: 18 ; 1 percentage similarities; Best obj: 0.00691
2025-06-25 14:43:27.821 | INFO     | myoconverter.optimization.utils.UtilsForceOpt:fmOptPSO_cust:189 -         PSO iteration: 19 ; 1 percentage similarities; Best obj: 0.00691
2025-06-25 14:43:27.860 | INFO     | myoconverter.optimization.utils.UtilsForceOpt:fmOptPSO_cust:189 -         PSO iteration: 20 ; 1 percentage similarities; Best obj: 0.00691
2025-06-25 14:43:27.895 | INFO     | myoconverter.optimization.utils.UtilsForceOpt:fmOptPSO_cust:189 -         PSO iteration: 21 ; 5 percentage similarities; Best obj: 0.00691
2025-06-25 14:43:27.930 | INFO     | myoconverter.optimization.utils.UtilsForceOpt:fmOptPSO_cust:189 -         PSO iteration: 22 ; 8 percentage similarities; Best obj: 0.00691
2025-06-25 14:43:27.968 | INFO     | myoconverter.optimization.utils.UtilsForceOpt:fmOptPSO_cust:189 -         PSO iteration: 23 ; 9 percentage similarities; Best obj: 0.00688
2025-06-25 14:43:28.009 | INFO     | myoconverter.optimization.utils.UtilsForceOpt:fmOptPSO_cust:189 -         PSO iteration: 24 ; 8 percentage similarities; Best obj: 0.00687
2025-06-25 14:43:28.048 | INFO     | myoconverter.optimization.utils.UtilsForceOpt:fmOptPSO_cust:189 -         PSO iteration: 25 ; 10 percentage similarities; Best obj: 0.00687
2025-06-25 14:43:28.086 | INFO     | myoconverter.optimization.utils.UtilsForceOpt:fmOptPSO_cust:189 -         PSO iteration: 26 ; 18 percentage similarities; Best obj: 0.00687
2025-06-25 14:43:28.127 | INFO     | myoconverter.optimization.utils.UtilsForceOpt:fmOptPSO_cust:189 -         PSO iteration: 27 ; 26 percentage similarities; Best obj: 0.00686
2025-06-25 14:43:28.164 | INFO     | myoconverter.optimization.utils.UtilsForceOpt:fmOptPSO_cust:189 -         PSO iteration: 28 ; 49 percentage similarities; Best obj: 0.00686
2025-06-25 14:43:28.207 | INFO     | myoconverter.optimization.utils.UtilsForceOpt:fmOptPSO_cust:189 -         PSO iteration: 29 ; 50 percentage similarities; Best obj: 0.00686
2025-06-25 14:43:28.211 | INFO     | myoconverter.optimization.utils.UtilsForceOpt:fmOptPSO_cust:197 -         Break the optimization, since certain number of similar particles reached
2025-06-25 14:43:28.316 | INFO     | myoconverter.conversion_steps.O2MSteps:PipelineExecution:262 - Finished step 3 conversion - cvt3.
2025-06-25 14:43:28.318 | INFO     | myoconverter.conversion_steps.O2MSteps:PipelineExecution:268 - Started step 3 validation - val3.
2025-06-25 14:43:30.128 | INFO     | myoconverter.conversion_steps.O2MSteps:PipelineExecution:270 - Finished step 3 validation - val3.
2025-06-25 14:43:30.131 | INFO     | myoconverter.conversion_steps.O2MSteps:PipelineExecution:281 - Generating pdf report based on the validation results.
2025-06-25 14:43:30.132 | INFO     | myoconverter.conversion_steps.O2MSteps:PipelineExecution:282 -    This may take a while, suggest to do this after all validation steps...
2025-06-25 14:43:30.172 | INFO     | myoconverter.utils.generate_pdf:add_step1_plots:155 -    Adding vlt1 results.
2025-06-25 14:43:30.979 | INFO     | myoconverter.utils.generate_pdf:add_step2_plots:236 -    Adding vlt2 results.
2025-06-25 14:43:40.463 | INFO     | myoconverter.utils.generate_pdf:add_step3_plots:279 -    Adding vlt3 results.
